nohup: ignoring input
extracting features...
working with 9951 sentence
Fitting 3 folds for each of 50 candidates, totalling 150 fits
[CV] c1=1.201370173596625, c2=0.12020139119422282 ....................
/usr/local/share/.virtualenvs/nlppy3/lib/python3.4/site-packages/sklearn/metrics/classification.py:1113: UndefinedMetricWarning: F-score is ill-defined and being set to 0.0 in labels with no predicted samples.
  'precision', 'predicted', average, warn_for)
/usr/local/share/.virtualenvs/nlppy3/lib/python3.4/site-packages/sklearn/metrics/classification.py:1115: UndefinedMetricWarning: F-score is ill-defined and being set to 0.0 in labels with no true samples.
  'recall', 'true', average, warn_for)
[CV]  c1=1.201370173596625, c2=0.12020139119422282, score=0.640249, total= 4.0min
[Parallel(n_jobs=1)]: Done   1 out of   1 | elapsed:  4.2min remaining:    0.0s
[CV] c1=1.201370173596625, c2=0.12020139119422282 ....................
/usr/local/share/.virtualenvs/nlppy3/lib/python3.4/site-packages/sklearn/metrics/classification.py:1113: UndefinedMetricWarning: F-score is ill-defined and being set to 0.0 in labels with no predicted samples.
  'precision', 'predicted', average, warn_for)
/usr/local/share/.virtualenvs/nlppy3/lib/python3.4/site-packages/sklearn/metrics/classification.py:1115: UndefinedMetricWarning: F-score is ill-defined and being set to 0.0 in labels with no true samples.
  'recall', 'true', average, warn_for)
[CV]  c1=1.201370173596625, c2=0.12020139119422282, score=0.759741, total= 4.1min
[Parallel(n_jobs=1)]: Done   2 out of   2 | elapsed:  8.5min remaining:    0.0s
[CV] c1=1.201370173596625, c2=0.12020139119422282 ....................
/usr/local/share/.virtualenvs/nlppy3/lib/python3.4/site-packages/sklearn/metrics/classification.py:1113: UndefinedMetricWarning: F-score is ill-defined and being set to 0.0 in labels with no predicted samples.
  'precision', 'predicted', average, warn_for)
/usr/local/share/.virtualenvs/nlppy3/lib/python3.4/site-packages/sklearn/metrics/classification.py:1115: UndefinedMetricWarning: F-score is ill-defined and being set to 0.0 in labels with no true samples.
  'recall', 'true', average, warn_for)
[CV]  c1=1.201370173596625, c2=0.12020139119422282, score=0.581042, total= 3.8min
[Parallel(n_jobs=1)]: Done   3 out of   3 | elapsed: 12.5min remaining:    0.0s
[CV] c1=0.5262046348758733, c2=0.02021082936391349 ...................
/usr/local/share/.virtualenvs/nlppy3/lib/python3.4/site-packages/sklearn/metrics/classification.py:1113: UndefinedMetricWarning: F-score is ill-defined and being set to 0.0 in labels with no predicted samples.
  'precision', 'predicted', average, warn_for)
/usr/local/share/.virtualenvs/nlppy3/lib/python3.4/site-packages/sklearn/metrics/classification.py:1115: UndefinedMetricWarning: F-score is ill-defined and being set to 0.0 in labels with no true samples.
  'recall', 'true', average, warn_for)
[CV]  c1=0.5262046348758733, c2=0.02021082936391349, score=0.643977, total= 3.9min
[Parallel(n_jobs=1)]: Done   4 out of   4 | elapsed: 16.6min remaining:    0.0s
[CV] c1=0.5262046348758733, c2=0.02021082936391349 ...................
/usr/local/share/.virtualenvs/nlppy3/lib/python3.4/site-packages/sklearn/metrics/classification.py:1113: UndefinedMetricWarning: F-score is ill-defined and being set to 0.0 in labels with no predicted samples.
  'precision', 'predicted', average, warn_for)
/usr/local/share/.virtualenvs/nlppy3/lib/python3.4/site-packages/sklearn/metrics/classification.py:1115: UndefinedMetricWarning: F-score is ill-defined and being set to 0.0 in labels with no true samples.
  'recall', 'true', average, warn_for)
[CV]  c1=0.5262046348758733, c2=0.02021082936391349, score=0.757712, total= 4.4min
[CV] c1=0.5262046348758733, c2=0.02021082936391349 ...................
/usr/local/share/.virtualenvs/nlppy3/lib/python3.4/site-packages/sklearn/metrics/classification.py:1113: UndefinedMetricWarning: F-score is ill-defined and being set to 0.0 in labels with no predicted samples.
  'precision', 'predicted', average, warn_for)
/usr/local/share/.virtualenvs/nlppy3/lib/python3.4/site-packages/sklearn/metrics/classification.py:1115: UndefinedMetricWarning: F-score is ill-defined and being set to 0.0 in labels with no true samples.
  'recall', 'true', average, warn_for)
[CV]  c1=0.5262046348758733, c2=0.02021082936391349, score=0.599709, total= 3.9min
[CV] c1=0.04451548965416831, c2=0.028143487157959935 .................
/usr/local/share/.virtualenvs/nlppy3/lib/python3.4/site-packages/sklearn/metrics/classification.py:1113: UndefinedMetricWarning: F-score is ill-defined and being set to 0.0 in labels with no predicted samples.
  'precision', 'predicted', average, warn_for)
/usr/local/share/.virtualenvs/nlppy3/lib/python3.4/site-packages/sklearn/metrics/classification.py:1115: UndefinedMetricWarning: F-score is ill-defined and being set to 0.0 in labels with no true samples.
  'recall', 'true', average, warn_for)
[CV]  c1=0.04451548965416831, c2=0.028143487157959935, score=0.632600, total= 4.1min
[CV] c1=0.04451548965416831, c2=0.028143487157959935 .................
/usr/local/share/.virtualenvs/nlppy3/lib/python3.4/site-packages/sklearn/metrics/classification.py:1113: UndefinedMetricWarning: F-score is ill-defined and being set to 0.0 in labels with no predicted samples.
  'precision', 'predicted', average, warn_for)
/usr/local/share/.virtualenvs/nlppy3/lib/python3.4/site-packages/sklearn/metrics/classification.py:1115: UndefinedMetricWarning: F-score is ill-defined and being set to 0.0 in labels with no true samples.
  'recall', 'true', average, warn_for)
[CV]  c1=0.04451548965416831, c2=0.028143487157959935, score=0.758090, total= 4.5min
[CV] c1=0.04451548965416831, c2=0.028143487157959935 .................
/usr/local/share/.virtualenvs/nlppy3/lib/python3.4/site-packages/sklearn/metrics/classification.py:1113: UndefinedMetricWarning: F-score is ill-defined and being set to 0.0 in labels with no predicted samples.
  'precision', 'predicted', average, warn_for)
/usr/local/share/.virtualenvs/nlppy3/lib/python3.4/site-packages/sklearn/metrics/classification.py:1115: UndefinedMetricWarning: F-score is ill-defined and being set to 0.0 in labels with no true samples.
  'recall', 'true', average, warn_for)
[CV]  c1=0.04451548965416831, c2=0.028143487157959935, score=0.596218, total= 4.6min
[CV] c1=0.8289473080473145, c2=0.013443751545942581 ..................
/usr/local/share/.virtualenvs/nlppy3/lib/python3.4/site-packages/sklearn/metrics/classification.py:1113: UndefinedMetricWarning: F-score is ill-defined and being set to 0.0 in labels with no predicted samples.
  'precision', 'predicted', average, warn_for)
/usr/local/share/.virtualenvs/nlppy3/lib/python3.4/site-packages/sklearn/metrics/classification.py:1115: UndefinedMetricWarning: F-score is ill-defined and being set to 0.0 in labels with no true samples.
  'recall', 'true', average, warn_for)
[CV]  c1=0.8289473080473145, c2=0.013443751545942581, score=0.639865, total= 4.8min
[CV] c1=0.8289473080473145, c2=0.013443751545942581 ..................
/usr/local/share/.virtualenvs/nlppy3/lib/python3.4/site-packages/sklearn/metrics/classification.py:1113: UndefinedMetricWarning: F-score is ill-defined and being set to 0.0 in labels with no predicted samples.
  'precision', 'predicted', average, warn_for)
/usr/local/share/.virtualenvs/nlppy3/lib/python3.4/site-packages/sklearn/metrics/classification.py:1115: UndefinedMetricWarning: F-score is ill-defined and being set to 0.0 in labels with no true samples.
  'recall', 'true', average, warn_for)
[CV]  c1=0.8289473080473145, c2=0.013443751545942581, score=0.756693, total= 5.2min
[CV] c1=0.8289473080473145, c2=0.013443751545942581 ..................
/usr/local/share/.virtualenvs/nlppy3/lib/python3.4/site-packages/sklearn/metrics/classification.py:1113: UndefinedMetricWarning: F-score is ill-defined and being set to 0.0 in labels with no predicted samples.
  'precision', 'predicted', average, warn_for)
/usr/local/share/.virtualenvs/nlppy3/lib/python3.4/site-packages/sklearn/metrics/classification.py:1115: UndefinedMetricWarning: F-score is ill-defined and being set to 0.0 in labels with no true samples.
  'recall', 'true', average, warn_for)
[CV]  c1=0.8289473080473145, c2=0.013443751545942581, score=0.582817, total= 4.6min
[CV] c1=0.9554574792964148, c2=0.021568102059260845 ..................
/usr/local/share/.virtualenvs/nlppy3/lib/python3.4/site-packages/sklearn/metrics/classification.py:1113: UndefinedMetricWarning: F-score is ill-defined and being set to 0.0 in labels with no predicted samples.
  'precision', 'predicted', average, warn_for)
/usr/local/share/.virtualenvs/nlppy3/lib/python3.4/site-packages/sklearn/metrics/classification.py:1115: UndefinedMetricWarning: F-score is ill-defined and being set to 0.0 in labels with no true samples.
  'recall', 'true', average, warn_for)
[CV]  c1=0.9554574792964148, c2=0.021568102059260845, score=0.642730, total= 4.6min
[CV] c1=0.9554574792964148, c2=0.021568102059260845 ..................
/usr/local/share/.virtualenvs/nlppy3/lib/python3.4/site-packages/sklearn/metrics/classification.py:1113: UndefinedMetricWarning: F-score is ill-defined and being set to 0.0 in labels with no predicted samples.
  'precision', 'predicted', average, warn_for)
/usr/local/share/.virtualenvs/nlppy3/lib/python3.4/site-packages/sklearn/metrics/classification.py:1115: UndefinedMetricWarning: F-score is ill-defined and being set to 0.0 in labels with no true samples.
  'recall', 'true', average, warn_for)
[CV]  c1=0.9554574792964148, c2=0.021568102059260845, score=0.759901, total= 4.4min
[CV] c1=0.9554574792964148, c2=0.021568102059260845 ..................
/usr/local/share/.virtualenvs/nlppy3/lib/python3.4/site-packages/sklearn/metrics/classification.py:1113: UndefinedMetricWarning: F-score is ill-defined and being set to 0.0 in labels with no predicted samples.
  'precision', 'predicted', average, warn_for)
/usr/local/share/.virtualenvs/nlppy3/lib/python3.4/site-packages/sklearn/metrics/classification.py:1115: UndefinedMetricWarning: F-score is ill-defined and being set to 0.0 in labels with no true samples.
  'recall', 'true', average, warn_for)
[CV]  c1=0.9554574792964148, c2=0.021568102059260845, score=0.584968, total= 4.0min
[CV] c1=0.42366645980479767, c2=0.05830575303854213 ..................
/usr/local/share/.virtualenvs/nlppy3/lib/python3.4/site-packages/sklearn/metrics/classification.py:1113: UndefinedMetricWarning: F-score is ill-defined and being set to 0.0 in labels with no predicted samples.
  'precision', 'predicted', average, warn_for)
/usr/local/share/.virtualenvs/nlppy3/lib/python3.4/site-packages/sklearn/metrics/classification.py:1115: UndefinedMetricWarning: F-score is ill-defined and being set to 0.0 in labels with no true samples.
  'recall', 'true', average, warn_for)
[CV]  c1=0.42366645980479767, c2=0.05830575303854213, score=0.640288, total= 4.1min
[CV] c1=0.42366645980479767, c2=0.05830575303854213 ..................
/usr/local/share/.virtualenvs/nlppy3/lib/python3.4/site-packages/sklearn/metrics/classification.py:1113: UndefinedMetricWarning: F-score is ill-defined and being set to 0.0 in labels with no predicted samples.
  'precision', 'predicted', average, warn_for)
/usr/local/share/.virtualenvs/nlppy3/lib/python3.4/site-packages/sklearn/metrics/classification.py:1115: UndefinedMetricWarning: F-score is ill-defined and being set to 0.0 in labels with no true samples.
  'recall', 'true', average, warn_for)
[CV]  c1=0.42366645980479767, c2=0.05830575303854213, score=0.760345, total= 4.4min
[CV] c1=0.42366645980479767, c2=0.05830575303854213 ..................
/usr/local/share/.virtualenvs/nlppy3/lib/python3.4/site-packages/sklearn/metrics/classification.py:1113: UndefinedMetricWarning: F-score is ill-defined and being set to 0.0 in labels with no predicted samples.
  'precision', 'predicted', average, warn_for)
/usr/local/share/.virtualenvs/nlppy3/lib/python3.4/site-packages/sklearn/metrics/classification.py:1115: UndefinedMetricWarning: F-score is ill-defined and being set to 0.0 in labels with no true samples.
  'recall', 'true', average, warn_for)
[CV]  c1=0.42366645980479767, c2=0.05830575303854213, score=0.597123, total= 3.9min
[CV] c1=0.37119401406210634, c2=0.12793610016619214 ..................
/usr/local/share/.virtualenvs/nlppy3/lib/python3.4/site-packages/sklearn/metrics/classification.py:1113: UndefinedMetricWarning: F-score is ill-defined and being set to 0.0 in labels with no predicted samples.
  'precision', 'predicted', average, warn_for)
/usr/local/share/.virtualenvs/nlppy3/lib/python3.4/site-packages/sklearn/metrics/classification.py:1115: UndefinedMetricWarning: F-score is ill-defined and being set to 0.0 in labels with no true samples.
  'recall', 'true', average, warn_for)
[CV]  c1=0.37119401406210634, c2=0.12793610016619214, score=0.639711, total= 4.1min
[CV] c1=0.37119401406210634, c2=0.12793610016619214 ..................
/usr/local/share/.virtualenvs/nlppy3/lib/python3.4/site-packages/sklearn/metrics/classification.py:1113: UndefinedMetricWarning: F-score is ill-defined and being set to 0.0 in labels with no predicted samples.
  'precision', 'predicted', average, warn_for)
/usr/local/share/.virtualenvs/nlppy3/lib/python3.4/site-packages/sklearn/metrics/classification.py:1115: UndefinedMetricWarning: F-score is ill-defined and being set to 0.0 in labels with no true samples.
  'recall', 'true', average, warn_for)
[CV]  c1=0.37119401406210634, c2=0.12793610016619214, score=0.758265, total= 4.3min
[CV] c1=0.37119401406210634, c2=0.12793610016619214 ..................
/usr/local/share/.virtualenvs/nlppy3/lib/python3.4/site-packages/sklearn/metrics/classification.py:1113: UndefinedMetricWarning: F-score is ill-defined and being set to 0.0 in labels with no predicted samples.
  'precision', 'predicted', average, warn_for)
/usr/local/share/.virtualenvs/nlppy3/lib/python3.4/site-packages/sklearn/metrics/classification.py:1115: UndefinedMetricWarning: F-score is ill-defined and being set to 0.0 in labels with no true samples.
  'recall', 'true', average, warn_for)
[CV]  c1=0.37119401406210634, c2=0.12793610016619214, score=0.606603, total= 3.9min
[CV] c1=0.23110659280031873, c2=0.023096867643725663 .................
/usr/local/share/.virtualenvs/nlppy3/lib/python3.4/site-packages/sklearn/metrics/classification.py:1113: UndefinedMetricWarning: F-score is ill-defined and being set to 0.0 in labels with no predicted samples.
  'precision', 'predicted', average, warn_for)
/usr/local/share/.virtualenvs/nlppy3/lib/python3.4/site-packages/sklearn/metrics/classification.py:1115: UndefinedMetricWarning: F-score is ill-defined and being set to 0.0 in labels with no true samples.
  'recall', 'true', average, warn_for)
[CV]  c1=0.23110659280031873, c2=0.023096867643725663, score=0.643316, total= 4.1min
[CV] c1=0.23110659280031873, c2=0.023096867643725663 .................
/usr/local/share/.virtualenvs/nlppy3/lib/python3.4/site-packages/sklearn/metrics/classification.py:1113: UndefinedMetricWarning: F-score is ill-defined and being set to 0.0 in labels with no predicted samples.
  'precision', 'predicted', average, warn_for)
/usr/local/share/.virtualenvs/nlppy3/lib/python3.4/site-packages/sklearn/metrics/classification.py:1115: UndefinedMetricWarning: F-score is ill-defined and being set to 0.0 in labels with no true samples.
  'recall', 'true', average, warn_for)
[CV]  c1=0.23110659280031873, c2=0.023096867643725663, score=0.760383, total= 4.4min
[CV] c1=0.23110659280031873, c2=0.023096867643725663 .................
/usr/local/share/.virtualenvs/nlppy3/lib/python3.4/site-packages/sklearn/metrics/classification.py:1113: UndefinedMetricWarning: F-score is ill-defined and being set to 0.0 in labels with no predicted samples.
  'precision', 'predicted', average, warn_for)
/usr/local/share/.virtualenvs/nlppy3/lib/python3.4/site-packages/sklearn/metrics/classification.py:1115: UndefinedMetricWarning: F-score is ill-defined and being set to 0.0 in labels with no true samples.
  'recall', 'true', average, warn_for)
[CV]  c1=0.23110659280031873, c2=0.023096867643725663, score=0.602910, total= 3.9min
[CV] c1=3.4701190322145594, c2=0.0015846409264366837 .................
/usr/local/share/.virtualenvs/nlppy3/lib/python3.4/site-packages/sklearn/metrics/classification.py:1113: UndefinedMetricWarning: F-score is ill-defined and being set to 0.0 in labels with no predicted samples.
  'precision', 'predicted', average, warn_for)
/usr/local/share/.virtualenvs/nlppy3/lib/python3.4/site-packages/sklearn/metrics/classification.py:1115: UndefinedMetricWarning: F-score is ill-defined and being set to 0.0 in labels with no true samples.
  'recall', 'true', average, warn_for)
[CV]  c1=3.4701190322145594, c2=0.0015846409264366837, score=0.624873, total= 4.1min
[CV] c1=3.4701190322145594, c2=0.0015846409264366837 .................
/usr/local/share/.virtualenvs/nlppy3/lib/python3.4/site-packages/sklearn/metrics/classification.py:1113: UndefinedMetricWarning: F-score is ill-defined and being set to 0.0 in labels with no predicted samples.
  'precision', 'predicted', average, warn_for)
/usr/local/share/.virtualenvs/nlppy3/lib/python3.4/site-packages/sklearn/metrics/classification.py:1115: UndefinedMetricWarning: F-score is ill-defined and being set to 0.0 in labels with no true samples.
  'recall', 'true', average, warn_for)
[CV]  c1=3.4701190322145594, c2=0.0015846409264366837, score=0.733947, total= 4.5min
[CV] c1=3.4701190322145594, c2=0.0015846409264366837 .................
/usr/local/share/.virtualenvs/nlppy3/lib/python3.4/site-packages/sklearn/metrics/classification.py:1113: UndefinedMetricWarning: F-score is ill-defined and being set to 0.0 in labels with no predicted samples.
  'precision', 'predicted', average, warn_for)
/usr/local/share/.virtualenvs/nlppy3/lib/python3.4/site-packages/sklearn/metrics/classification.py:1115: UndefinedMetricWarning: F-score is ill-defined and being set to 0.0 in labels with no true samples.
  'recall', 'true', average, warn_for)
[CV]  c1=3.4701190322145594, c2=0.0015846409264366837, score=0.604752, total= 4.1min
[CV] c1=1.5234293026063304, c2=0.0651560399078471 ....................
/usr/local/share/.virtualenvs/nlppy3/lib/python3.4/site-packages/sklearn/metrics/classification.py:1113: UndefinedMetricWarning: F-score is ill-defined and being set to 0.0 in labels with no predicted samples.
  'precision', 'predicted', average, warn_for)
/usr/local/share/.virtualenvs/nlppy3/lib/python3.4/site-packages/sklearn/metrics/classification.py:1115: UndefinedMetricWarning: F-score is ill-defined and being set to 0.0 in labels with no true samples.
  'recall', 'true', average, warn_for)
[CV]  c1=1.5234293026063304, c2=0.0651560399078471, score=0.637921, total= 4.1min
[CV] c1=1.5234293026063304, c2=0.0651560399078471 ....................
/usr/local/share/.virtualenvs/nlppy3/lib/python3.4/site-packages/sklearn/metrics/classification.py:1113: UndefinedMetricWarning: F-score is ill-defined and being set to 0.0 in labels with no predicted samples.
  'precision', 'predicted', average, warn_for)
/usr/local/share/.virtualenvs/nlppy3/lib/python3.4/site-packages/sklearn/metrics/classification.py:1115: UndefinedMetricWarning: F-score is ill-defined and being set to 0.0 in labels with no true samples.
  'recall', 'true', average, warn_for)
[CV]  c1=1.5234293026063304, c2=0.0651560399078471, score=0.754124, total= 4.5min
[CV] c1=1.5234293026063304, c2=0.0651560399078471 ....................
/usr/local/share/.virtualenvs/nlppy3/lib/python3.4/site-packages/sklearn/metrics/classification.py:1113: UndefinedMetricWarning: F-score is ill-defined and being set to 0.0 in labels with no predicted samples.
  'precision', 'predicted', average, warn_for)
/usr/local/share/.virtualenvs/nlppy3/lib/python3.4/site-packages/sklearn/metrics/classification.py:1115: UndefinedMetricWarning: F-score is ill-defined and being set to 0.0 in labels with no true samples.
  'recall', 'true', average, warn_for)
[CV]  c1=1.5234293026063304, c2=0.0651560399078471, score=0.583686, total= 3.7min
[CV] c1=0.6991451663252012, c2=0.1068070145181624 ....................
/usr/local/share/.virtualenvs/nlppy3/lib/python3.4/site-packages/sklearn/metrics/classification.py:1113: UndefinedMetricWarning: F-score is ill-defined and being set to 0.0 in labels with no predicted samples.
  'precision', 'predicted', average, warn_for)
/usr/local/share/.virtualenvs/nlppy3/lib/python3.4/site-packages/sklearn/metrics/classification.py:1115: UndefinedMetricWarning: F-score is ill-defined and being set to 0.0 in labels with no true samples.
  'recall', 'true', average, warn_for)
[CV]  c1=0.6991451663252012, c2=0.1068070145181624, score=0.640437, total= 4.1min
[CV] c1=0.6991451663252012, c2=0.1068070145181624 ....................
/usr/local/share/.virtualenvs/nlppy3/lib/python3.4/site-packages/sklearn/metrics/classification.py:1113: UndefinedMetricWarning: F-score is ill-defined and being set to 0.0 in labels with no predicted samples.
  'precision', 'predicted', average, warn_for)
/usr/local/share/.virtualenvs/nlppy3/lib/python3.4/site-packages/sklearn/metrics/classification.py:1115: UndefinedMetricWarning: F-score is ill-defined and being set to 0.0 in labels with no true samples.
  'recall', 'true', average, warn_for)
[CV]  c1=0.6991451663252012, c2=0.1068070145181624, score=0.755755, total= 4.4min
[CV] c1=0.6991451663252012, c2=0.1068070145181624 ....................
/usr/local/share/.virtualenvs/nlppy3/lib/python3.4/site-packages/sklearn/metrics/classification.py:1113: UndefinedMetricWarning: F-score is ill-defined and being set to 0.0 in labels with no predicted samples.
  'precision', 'predicted', average, warn_for)
/usr/local/share/.virtualenvs/nlppy3/lib/python3.4/site-packages/sklearn/metrics/classification.py:1115: UndefinedMetricWarning: F-score is ill-defined and being set to 0.0 in labels with no true samples.
  'recall', 'true', average, warn_for)
[CV]  c1=0.6991451663252012, c2=0.1068070145181624, score=0.597445, total= 4.0min
[CV] c1=0.9411669259929716, c2=0.037706771366215704 ..................
/usr/local/share/.virtualenvs/nlppy3/lib/python3.4/site-packages/sklearn/metrics/classification.py:1113: UndefinedMetricWarning: F-score is ill-defined and being set to 0.0 in labels with no predicted samples.
  'precision', 'predicted', average, warn_for)
/usr/local/share/.virtualenvs/nlppy3/lib/python3.4/site-packages/sklearn/metrics/classification.py:1115: UndefinedMetricWarning: F-score is ill-defined and being set to 0.0 in labels with no true samples.
  'recall', 'true', average, warn_for)
[CV]  c1=0.9411669259929716, c2=0.037706771366215704, score=0.644012, total= 4.0min
[CV] c1=0.9411669259929716, c2=0.037706771366215704 ..................
/usr/local/share/.virtualenvs/nlppy3/lib/python3.4/site-packages/sklearn/metrics/classification.py:1113: UndefinedMetricWarning: F-score is ill-defined and being set to 0.0 in labels with no predicted samples.
  'precision', 'predicted', average, warn_for)
/usr/local/share/.virtualenvs/nlppy3/lib/python3.4/site-packages/sklearn/metrics/classification.py:1115: UndefinedMetricWarning: F-score is ill-defined and being set to 0.0 in labels with no true samples.
  'recall', 'true', average, warn_for)
[CV]  c1=0.9411669259929716, c2=0.037706771366215704, score=0.757508, total= 4.5min
[CV] c1=0.9411669259929716, c2=0.037706771366215704 ..................
/usr/local/share/.virtualenvs/nlppy3/lib/python3.4/site-packages/sklearn/metrics/classification.py:1113: UndefinedMetricWarning: F-score is ill-defined and being set to 0.0 in labels with no predicted samples.
  'precision', 'predicted', average, warn_for)
/usr/local/share/.virtualenvs/nlppy3/lib/python3.4/site-packages/sklearn/metrics/classification.py:1115: UndefinedMetricWarning: F-score is ill-defined and being set to 0.0 in labels with no true samples.
  'recall', 'true', average, warn_for)
[CV]  c1=0.9411669259929716, c2=0.037706771366215704, score=0.581015, total= 4.0min
[CV] c1=0.16581036899068471, c2=0.04028396660002335 ..................
/usr/local/share/.virtualenvs/nlppy3/lib/python3.4/site-packages/sklearn/metrics/classification.py:1113: UndefinedMetricWarning: F-score is ill-defined and being set to 0.0 in labels with no predicted samples.
  'precision', 'predicted', average, warn_for)
/usr/local/share/.virtualenvs/nlppy3/lib/python3.4/site-packages/sklearn/metrics/classification.py:1115: UndefinedMetricWarning: F-score is ill-defined and being set to 0.0 in labels with no true samples.
  'recall', 'true', average, warn_for)
[CV]  c1=0.16581036899068471, c2=0.04028396660002335, score=0.637718, total= 4.0min
[CV] c1=0.16581036899068471, c2=0.04028396660002335 ..................
/usr/local/share/.virtualenvs/nlppy3/lib/python3.4/site-packages/sklearn/metrics/classification.py:1113: UndefinedMetricWarning: F-score is ill-defined and being set to 0.0 in labels with no predicted samples.
  'precision', 'predicted', average, warn_for)
/usr/local/share/.virtualenvs/nlppy3/lib/python3.4/site-packages/sklearn/metrics/classification.py:1115: UndefinedMetricWarning: F-score is ill-defined and being set to 0.0 in labels with no true samples.
  'recall', 'true', average, warn_for)
[CV]  c1=0.16581036899068471, c2=0.04028396660002335, score=0.761062, total= 4.5min
[CV] c1=0.16581036899068471, c2=0.04028396660002335 ..................
/usr/local/share/.virtualenvs/nlppy3/lib/python3.4/site-packages/sklearn/metrics/classification.py:1113: UndefinedMetricWarning: F-score is ill-defined and being set to 0.0 in labels with no predicted samples.
  'precision', 'predicted', average, warn_for)
/usr/local/share/.virtualenvs/nlppy3/lib/python3.4/site-packages/sklearn/metrics/classification.py:1115: UndefinedMetricWarning: F-score is ill-defined and being set to 0.0 in labels with no true samples.
  'recall', 'true', average, warn_for)
[CV]  c1=0.16581036899068471, c2=0.04028396660002335, score=0.603150, total= 4.0min
[CV] c1=0.39892212200270566, c2=0.05952679923122274 ..................
/usr/local/share/.virtualenvs/nlppy3/lib/python3.4/site-packages/sklearn/metrics/classification.py:1113: UndefinedMetricWarning: F-score is ill-defined and being set to 0.0 in labels with no predicted samples.
  'precision', 'predicted', average, warn_for)
/usr/local/share/.virtualenvs/nlppy3/lib/python3.4/site-packages/sklearn/metrics/classification.py:1115: UndefinedMetricWarning: F-score is ill-defined and being set to 0.0 in labels with no true samples.
  'recall', 'true', average, warn_for)
[CV]  c1=0.39892212200270566, c2=0.05952679923122274, score=0.643049, total= 4.1min
[CV] c1=0.39892212200270566, c2=0.05952679923122274 ..................
/usr/local/share/.virtualenvs/nlppy3/lib/python3.4/site-packages/sklearn/metrics/classification.py:1113: UndefinedMetricWarning: F-score is ill-defined and being set to 0.0 in labels with no predicted samples.
  'precision', 'predicted', average, warn_for)
/usr/local/share/.virtualenvs/nlppy3/lib/python3.4/site-packages/sklearn/metrics/classification.py:1115: UndefinedMetricWarning: F-score is ill-defined and being set to 0.0 in labels with no true samples.
  'recall', 'true', average, warn_for)
[CV]  c1=0.39892212200270566, c2=0.05952679923122274, score=0.759303, total= 4.5min
[CV] c1=0.39892212200270566, c2=0.05952679923122274 ..................
/usr/local/share/.virtualenvs/nlppy3/lib/python3.4/site-packages/sklearn/metrics/classification.py:1113: UndefinedMetricWarning: F-score is ill-defined and being set to 0.0 in labels with no predicted samples.
  'precision', 'predicted', average, warn_for)
/usr/local/share/.virtualenvs/nlppy3/lib/python3.4/site-packages/sklearn/metrics/classification.py:1115: UndefinedMetricWarning: F-score is ill-defined and being set to 0.0 in labels with no true samples.
  'recall', 'true', average, warn_for)
[CV]  c1=0.39892212200270566, c2=0.05952679923122274, score=0.599243, total= 4.0min
[CV] c1=0.023427421735871895, c2=0.01275871840237451 .................
/usr/local/share/.virtualenvs/nlppy3/lib/python3.4/site-packages/sklearn/metrics/classification.py:1113: UndefinedMetricWarning: F-score is ill-defined and being set to 0.0 in labels with no predicted samples.
  'precision', 'predicted', average, warn_for)
/usr/local/share/.virtualenvs/nlppy3/lib/python3.4/site-packages/sklearn/metrics/classification.py:1115: UndefinedMetricWarning: F-score is ill-defined and being set to 0.0 in labels with no true samples.
  'recall', 'true', average, warn_for)
[CV]  c1=0.023427421735871895, c2=0.01275871840237451, score=0.633904, total= 4.2min
[CV] c1=0.023427421735871895, c2=0.01275871840237451 .................
/usr/local/share/.virtualenvs/nlppy3/lib/python3.4/site-packages/sklearn/metrics/classification.py:1113: UndefinedMetricWarning: F-score is ill-defined and being set to 0.0 in labels with no predicted samples.
  'precision', 'predicted', average, warn_for)
/usr/local/share/.virtualenvs/nlppy3/lib/python3.4/site-packages/sklearn/metrics/classification.py:1115: UndefinedMetricWarning: F-score is ill-defined and being set to 0.0 in labels with no true samples.
  'recall', 'true', average, warn_for)
[CV]  c1=0.023427421735871895, c2=0.01275871840237451, score=0.761375, total= 4.4min
[CV] c1=0.023427421735871895, c2=0.01275871840237451 .................
/usr/local/share/.virtualenvs/nlppy3/lib/python3.4/site-packages/sklearn/metrics/classification.py:1113: UndefinedMetricWarning: F-score is ill-defined and being set to 0.0 in labels with no predicted samples.
  'precision', 'predicted', average, warn_for)
/usr/local/share/.virtualenvs/nlppy3/lib/python3.4/site-packages/sklearn/metrics/classification.py:1115: UndefinedMetricWarning: F-score is ill-defined and being set to 0.0 in labels with no true samples.
  'recall', 'true', average, warn_for)
[CV]  c1=0.023427421735871895, c2=0.01275871840237451, score=0.595281, total= 4.1min
[CV] c1=0.6631135892509717, c2=0.008898146710383897 ..................
/usr/local/share/.virtualenvs/nlppy3/lib/python3.4/site-packages/sklearn/metrics/classification.py:1113: UndefinedMetricWarning: F-score is ill-defined and being set to 0.0 in labels with no predicted samples.
  'precision', 'predicted', average, warn_for)
/usr/local/share/.virtualenvs/nlppy3/lib/python3.4/site-packages/sklearn/metrics/classification.py:1115: UndefinedMetricWarning: F-score is ill-defined and being set to 0.0 in labels with no true samples.
  'recall', 'true', average, warn_for)
[CV]  c1=0.6631135892509717, c2=0.008898146710383897, score=0.639759, total= 4.1min
[CV] c1=0.6631135892509717, c2=0.008898146710383897 ..................
/usr/local/share/.virtualenvs/nlppy3/lib/python3.4/site-packages/sklearn/metrics/classification.py:1113: UndefinedMetricWarning: F-score is ill-defined and being set to 0.0 in labels with no predicted samples.
  'precision', 'predicted', average, warn_for)
/usr/local/share/.virtualenvs/nlppy3/lib/python3.4/site-packages/sklearn/metrics/classification.py:1115: UndefinedMetricWarning: F-score is ill-defined and being set to 0.0 in labels with no true samples.
  'recall', 'true', average, warn_for)
[CV]  c1=0.6631135892509717, c2=0.008898146710383897, score=0.758051, total= 4.4min
[CV] c1=0.6631135892509717, c2=0.008898146710383897 ..................
/usr/local/share/.virtualenvs/nlppy3/lib/python3.4/site-packages/sklearn/metrics/classification.py:1113: UndefinedMetricWarning: F-score is ill-defined and being set to 0.0 in labels with no predicted samples.
  'precision', 'predicted', average, warn_for)
/usr/local/share/.virtualenvs/nlppy3/lib/python3.4/site-packages/sklearn/metrics/classification.py:1115: UndefinedMetricWarning: F-score is ill-defined and being set to 0.0 in labels with no true samples.
  'recall', 'true', average, warn_for)
[CV]  c1=0.6631135892509717, c2=0.008898146710383897, score=0.581202, total= 4.0min
[CV] c1=0.5466373339203432, c2=0.0838682146621496 ....................
/usr/local/share/.virtualenvs/nlppy3/lib/python3.4/site-packages/sklearn/metrics/classification.py:1113: UndefinedMetricWarning: F-score is ill-defined and being set to 0.0 in labels with no predicted samples.
  'precision', 'predicted', average, warn_for)
/usr/local/share/.virtualenvs/nlppy3/lib/python3.4/site-packages/sklearn/metrics/classification.py:1115: UndefinedMetricWarning: F-score is ill-defined and being set to 0.0 in labels with no true samples.
  'recall', 'true', average, warn_for)
[CV]  c1=0.5466373339203432, c2=0.0838682146621496, score=0.641037, total= 4.2min
[CV] c1=0.5466373339203432, c2=0.0838682146621496 ....................
/usr/local/share/.virtualenvs/nlppy3/lib/python3.4/site-packages/sklearn/metrics/classification.py:1113: UndefinedMetricWarning: F-score is ill-defined and being set to 0.0 in labels with no predicted samples.
  'precision', 'predicted', average, warn_for)
/usr/local/share/.virtualenvs/nlppy3/lib/python3.4/site-packages/sklearn/metrics/classification.py:1115: UndefinedMetricWarning: F-score is ill-defined and being set to 0.0 in labels with no true samples.
  'recall', 'true', average, warn_for)
[CV]  c1=0.5466373339203432, c2=0.0838682146621496, score=0.758898, total= 4.5min
[CV] c1=0.5466373339203432, c2=0.0838682146621496 ....................
/usr/local/share/.virtualenvs/nlppy3/lib/python3.4/site-packages/sklearn/metrics/classification.py:1113: UndefinedMetricWarning: F-score is ill-defined and being set to 0.0 in labels with no predicted samples.
  'precision', 'predicted', average, warn_for)
/usr/local/share/.virtualenvs/nlppy3/lib/python3.4/site-packages/sklearn/metrics/classification.py:1115: UndefinedMetricWarning: F-score is ill-defined and being set to 0.0 in labels with no true samples.
  'recall', 'true', average, warn_for)
[CV]  c1=0.5466373339203432, c2=0.0838682146621496, score=0.602450, total= 4.0min
[CV] c1=0.1940793706915666, c2=0.018987028473834426 ..................
/usr/local/share/.virtualenvs/nlppy3/lib/python3.4/site-packages/sklearn/metrics/classification.py:1113: UndefinedMetricWarning: F-score is ill-defined and being set to 0.0 in labels with no predicted samples.
  'precision', 'predicted', average, warn_for)
/usr/local/share/.virtualenvs/nlppy3/lib/python3.4/site-packages/sklearn/metrics/classification.py:1115: UndefinedMetricWarning: F-score is ill-defined and being set to 0.0 in labels with no true samples.
  'recall', 'true', average, warn_for)
[CV]  c1=0.1940793706915666, c2=0.018987028473834426, score=0.641929, total= 4.2min
[CV] c1=0.1940793706915666, c2=0.018987028473834426 ..................
/usr/local/share/.virtualenvs/nlppy3/lib/python3.4/site-packages/sklearn/metrics/classification.py:1113: UndefinedMetricWarning: F-score is ill-defined and being set to 0.0 in labels with no predicted samples.
  'precision', 'predicted', average, warn_for)
/usr/local/share/.virtualenvs/nlppy3/lib/python3.4/site-packages/sklearn/metrics/classification.py:1115: UndefinedMetricWarning: F-score is ill-defined and being set to 0.0 in labels with no true samples.
  'recall', 'true', average, warn_for)
[CV]  c1=0.1940793706915666, c2=0.018987028473834426, score=0.759321, total= 4.2min
[CV] c1=0.1940793706915666, c2=0.018987028473834426 ..................
/usr/local/share/.virtualenvs/nlppy3/lib/python3.4/site-packages/sklearn/metrics/classification.py:1113: UndefinedMetricWarning: F-score is ill-defined and being set to 0.0 in labels with no predicted samples.
  'precision', 'predicted', average, warn_for)
/usr/local/share/.virtualenvs/nlppy3/lib/python3.4/site-packages/sklearn/metrics/classification.py:1115: UndefinedMetricWarning: F-score is ill-defined and being set to 0.0 in labels with no true samples.
  'recall', 'true', average, warn_for)
[CV]  c1=0.1940793706915666, c2=0.018987028473834426, score=0.604991, total= 3.9min
[CV] c1=0.527789294395772, c2=0.060661748130294436 ...................
/usr/local/share/.virtualenvs/nlppy3/lib/python3.4/site-packages/sklearn/metrics/classification.py:1113: UndefinedMetricWarning: F-score is ill-defined and being set to 0.0 in labels with no predicted samples.
  'precision', 'predicted', average, warn_for)
/usr/local/share/.virtualenvs/nlppy3/lib/python3.4/site-packages/sklearn/metrics/classification.py:1115: UndefinedMetricWarning: F-score is ill-defined and being set to 0.0 in labels with no true samples.
  'recall', 'true', average, warn_for)
[CV]  c1=0.527789294395772, c2=0.060661748130294436, score=0.643830, total= 4.1min
[CV] c1=0.527789294395772, c2=0.060661748130294436 ...................
/usr/local/share/.virtualenvs/nlppy3/lib/python3.4/site-packages/sklearn/metrics/classification.py:1113: UndefinedMetricWarning: F-score is ill-defined and being set to 0.0 in labels with no predicted samples.
  'precision', 'predicted', average, warn_for)
/usr/local/share/.virtualenvs/nlppy3/lib/python3.4/site-packages/sklearn/metrics/classification.py:1115: UndefinedMetricWarning: F-score is ill-defined and being set to 0.0 in labels with no true samples.
  'recall', 'true', average, warn_for)
[CV]  c1=0.527789294395772, c2=0.060661748130294436, score=0.761636, total= 4.5min
[CV] c1=0.527789294395772, c2=0.060661748130294436 ...................
/usr/local/share/.virtualenvs/nlppy3/lib/python3.4/site-packages/sklearn/metrics/classification.py:1113: UndefinedMetricWarning: F-score is ill-defined and being set to 0.0 in labels with no predicted samples.
  'precision', 'predicted', average, warn_for)
/usr/local/share/.virtualenvs/nlppy3/lib/python3.4/site-packages/sklearn/metrics/classification.py:1115: UndefinedMetricWarning: F-score is ill-defined and being set to 0.0 in labels with no true samples.
  'recall', 'true', average, warn_for)
[CV]  c1=0.527789294395772, c2=0.060661748130294436, score=0.591498, total= 4.0min
[CV] c1=0.20588084988129046, c2=0.03905634958003954 ..................
/usr/local/share/.virtualenvs/nlppy3/lib/python3.4/site-packages/sklearn/metrics/classification.py:1113: UndefinedMetricWarning: F-score is ill-defined and being set to 0.0 in labels with no predicted samples.
  'precision', 'predicted', average, warn_for)
/usr/local/share/.virtualenvs/nlppy3/lib/python3.4/site-packages/sklearn/metrics/classification.py:1115: UndefinedMetricWarning: F-score is ill-defined and being set to 0.0 in labels with no true samples.
  'recall', 'true', average, warn_for)
[CV]  c1=0.20588084988129046, c2=0.03905634958003954, score=0.640660, total= 4.2min
[CV] c1=0.20588084988129046, c2=0.03905634958003954 ..................
/usr/local/share/.virtualenvs/nlppy3/lib/python3.4/site-packages/sklearn/metrics/classification.py:1113: UndefinedMetricWarning: F-score is ill-defined and being set to 0.0 in labels with no predicted samples.
  'precision', 'predicted', average, warn_for)
/usr/local/share/.virtualenvs/nlppy3/lib/python3.4/site-packages/sklearn/metrics/classification.py:1115: UndefinedMetricWarning: F-score is ill-defined and being set to 0.0 in labels with no true samples.
  'recall', 'true', average, warn_for)
[CV]  c1=0.20588084988129046, c2=0.03905634958003954, score=0.761227, total= 4.5min
[CV] c1=0.20588084988129046, c2=0.03905634958003954 ..................
/usr/local/share/.virtualenvs/nlppy3/lib/python3.4/site-packages/sklearn/metrics/classification.py:1113: UndefinedMetricWarning: F-score is ill-defined and being set to 0.0 in labels with no predicted samples.
  'precision', 'predicted', average, warn_for)
/usr/local/share/.virtualenvs/nlppy3/lib/python3.4/site-packages/sklearn/metrics/classification.py:1115: UndefinedMetricWarning: F-score is ill-defined and being set to 0.0 in labels with no true samples.
  'recall', 'true', average, warn_for)
[CV]  c1=0.20588084988129046, c2=0.03905634958003954, score=0.588565, total= 4.0min
[CV] c1=0.05188688408726671, c2=0.18378857423201703 ..................
/usr/local/share/.virtualenvs/nlppy3/lib/python3.4/site-packages/sklearn/metrics/classification.py:1113: UndefinedMetricWarning: F-score is ill-defined and being set to 0.0 in labels with no predicted samples.
  'precision', 'predicted', average, warn_for)
/usr/local/share/.virtualenvs/nlppy3/lib/python3.4/site-packages/sklearn/metrics/classification.py:1115: UndefinedMetricWarning: F-score is ill-defined and being set to 0.0 in labels with no true samples.
  'recall', 'true', average, warn_for)
[CV]  c1=0.05188688408726671, c2=0.18378857423201703, score=0.626736, total= 4.3min
[CV] c1=0.05188688408726671, c2=0.18378857423201703 ..................
/usr/local/share/.virtualenvs/nlppy3/lib/python3.4/site-packages/sklearn/metrics/classification.py:1113: UndefinedMetricWarning: F-score is ill-defined and being set to 0.0 in labels with no predicted samples.
  'precision', 'predicted', average, warn_for)
/usr/local/share/.virtualenvs/nlppy3/lib/python3.4/site-packages/sklearn/metrics/classification.py:1115: UndefinedMetricWarning: F-score is ill-defined and being set to 0.0 in labels with no true samples.
  'recall', 'true', average, warn_for)
[CV]  c1=0.05188688408726671, c2=0.18378857423201703, score=0.752555, total= 4.6min
[CV] c1=0.05188688408726671, c2=0.18378857423201703 ..................
/usr/local/share/.virtualenvs/nlppy3/lib/python3.4/site-packages/sklearn/metrics/classification.py:1113: UndefinedMetricWarning: F-score is ill-defined and being set to 0.0 in labels with no predicted samples.
  'precision', 'predicted', average, warn_for)
/usr/local/share/.virtualenvs/nlppy3/lib/python3.4/site-packages/sklearn/metrics/classification.py:1115: UndefinedMetricWarning: F-score is ill-defined and being set to 0.0 in labels with no true samples.
  'recall', 'true', average, warn_for)
[CV]  c1=0.05188688408726671, c2=0.18378857423201703, score=0.602965, total= 4.0min
[CV] c1=0.16429237859298798, c2=0.07008254753770614 ..................
/usr/local/share/.virtualenvs/nlppy3/lib/python3.4/site-packages/sklearn/metrics/classification.py:1113: UndefinedMetricWarning: F-score is ill-defined and being set to 0.0 in labels with no predicted samples.
  'precision', 'predicted', average, warn_for)
/usr/local/share/.virtualenvs/nlppy3/lib/python3.4/site-packages/sklearn/metrics/classification.py:1115: UndefinedMetricWarning: F-score is ill-defined and being set to 0.0 in labels with no true samples.
  'recall', 'true', average, warn_for)
[CV]  c1=0.16429237859298798, c2=0.07008254753770614, score=0.636267, total= 4.1min
[CV] c1=0.16429237859298798, c2=0.07008254753770614 ..................
/usr/local/share/.virtualenvs/nlppy3/lib/python3.4/site-packages/sklearn/metrics/classification.py:1113: UndefinedMetricWarning: F-score is ill-defined and being set to 0.0 in labels with no predicted samples.
  'precision', 'predicted', average, warn_for)
/usr/local/share/.virtualenvs/nlppy3/lib/python3.4/site-packages/sklearn/metrics/classification.py:1115: UndefinedMetricWarning: F-score is ill-defined and being set to 0.0 in labels with no true samples.
  'recall', 'true', average, warn_for)
[CV]  c1=0.16429237859298798, c2=0.07008254753770614, score=0.757972, total= 4.4min
[CV] c1=0.16429237859298798, c2=0.07008254753770614 ..................
/usr/local/share/.virtualenvs/nlppy3/lib/python3.4/site-packages/sklearn/metrics/classification.py:1113: UndefinedMetricWarning: F-score is ill-defined and being set to 0.0 in labels with no predicted samples.
  'precision', 'predicted', average, warn_for)
/usr/local/share/.virtualenvs/nlppy3/lib/python3.4/site-packages/sklearn/metrics/classification.py:1115: UndefinedMetricWarning: F-score is ill-defined and being set to 0.0 in labels with no true samples.
  'recall', 'true', average, warn_for)
[CV]  c1=0.16429237859298798, c2=0.07008254753770614, score=0.605013, total= 4.0min
[CV] c1=0.4063027363669209, c2=0.023555300867372495 ..................
/usr/local/share/.virtualenvs/nlppy3/lib/python3.4/site-packages/sklearn/metrics/classification.py:1113: UndefinedMetricWarning: F-score is ill-defined and being set to 0.0 in labels with no predicted samples.
  'precision', 'predicted', average, warn_for)
/usr/local/share/.virtualenvs/nlppy3/lib/python3.4/site-packages/sklearn/metrics/classification.py:1115: UndefinedMetricWarning: F-score is ill-defined and being set to 0.0 in labels with no true samples.
  'recall', 'true', average, warn_for)
[CV]  c1=0.4063027363669209, c2=0.023555300867372495, score=0.641994, total= 4.2min
[CV] c1=0.4063027363669209, c2=0.023555300867372495 ..................
/usr/local/share/.virtualenvs/nlppy3/lib/python3.4/site-packages/sklearn/metrics/classification.py:1113: UndefinedMetricWarning: F-score is ill-defined and being set to 0.0 in labels with no predicted samples.
  'precision', 'predicted', average, warn_for)
/usr/local/share/.virtualenvs/nlppy3/lib/python3.4/site-packages/sklearn/metrics/classification.py:1115: UndefinedMetricWarning: F-score is ill-defined and being set to 0.0 in labels with no true samples.
  'recall', 'true', average, warn_for)
[CV]  c1=0.4063027363669209, c2=0.023555300867372495, score=0.759283, total= 4.6min
[CV] c1=0.4063027363669209, c2=0.023555300867372495 ..................
/usr/local/share/.virtualenvs/nlppy3/lib/python3.4/site-packages/sklearn/metrics/classification.py:1113: UndefinedMetricWarning: F-score is ill-defined and being set to 0.0 in labels with no predicted samples.
  'precision', 'predicted', average, warn_for)
/usr/local/share/.virtualenvs/nlppy3/lib/python3.4/site-packages/sklearn/metrics/classification.py:1115: UndefinedMetricWarning: F-score is ill-defined and being set to 0.0 in labels with no true samples.
  'recall', 'true', average, warn_for)
[CV]  c1=0.4063027363669209, c2=0.023555300867372495, score=0.601704, total= 4.0min
[CV] c1=2.5939300073926037, c2=0.11328173995422103 ...................
/usr/local/share/.virtualenvs/nlppy3/lib/python3.4/site-packages/sklearn/metrics/classification.py:1113: UndefinedMetricWarning: F-score is ill-defined and being set to 0.0 in labels with no predicted samples.
  'precision', 'predicted', average, warn_for)
/usr/local/share/.virtualenvs/nlppy3/lib/python3.4/site-packages/sklearn/metrics/classification.py:1115: UndefinedMetricWarning: F-score is ill-defined and being set to 0.0 in labels with no true samples.
  'recall', 'true', average, warn_for)
[CV]  c1=2.5939300073926037, c2=0.11328173995422103, score=0.629897, total= 4.1min
[CV] c1=2.5939300073926037, c2=0.11328173995422103 ...................
/usr/local/share/.virtualenvs/nlppy3/lib/python3.4/site-packages/sklearn/metrics/classification.py:1113: UndefinedMetricWarning: F-score is ill-defined and being set to 0.0 in labels with no predicted samples.
  'precision', 'predicted', average, warn_for)
/usr/local/share/.virtualenvs/nlppy3/lib/python3.4/site-packages/sklearn/metrics/classification.py:1115: UndefinedMetricWarning: F-score is ill-defined and being set to 0.0 in labels with no true samples.
  'recall', 'true', average, warn_for)
[CV]  c1=2.5939300073926037, c2=0.11328173995422103, score=0.741144, total= 4.6min
[CV] c1=2.5939300073926037, c2=0.11328173995422103 ...................
/usr/local/share/.virtualenvs/nlppy3/lib/python3.4/site-packages/sklearn/metrics/classification.py:1113: UndefinedMetricWarning: F-score is ill-defined and being set to 0.0 in labels with no predicted samples.
  'precision', 'predicted', average, warn_for)
/usr/local/share/.virtualenvs/nlppy3/lib/python3.4/site-packages/sklearn/metrics/classification.py:1115: UndefinedMetricWarning: F-score is ill-defined and being set to 0.0 in labels with no true samples.
  'recall', 'true', average, warn_for)
[CV]  c1=2.5939300073926037, c2=0.11328173995422103, score=0.583181, total= 4.1min
[CV] c1=0.08986334726831037, c2=0.010528561164766404 .................
/usr/local/share/.virtualenvs/nlppy3/lib/python3.4/site-packages/sklearn/metrics/classification.py:1113: UndefinedMetricWarning: F-score is ill-defined and being set to 0.0 in labels with no predicted samples.
  'precision', 'predicted', average, warn_for)
/usr/local/share/.virtualenvs/nlppy3/lib/python3.4/site-packages/sklearn/metrics/classification.py:1115: UndefinedMetricWarning: F-score is ill-defined and being set to 0.0 in labels with no true samples.
  'recall', 'true', average, warn_for)
[CV]  c1=0.08986334726831037, c2=0.010528561164766404, score=0.640703, total= 4.1min
[CV] c1=0.08986334726831037, c2=0.010528561164766404 .................
/usr/local/share/.virtualenvs/nlppy3/lib/python3.4/site-packages/sklearn/metrics/classification.py:1113: UndefinedMetricWarning: F-score is ill-defined and being set to 0.0 in labels with no predicted samples.
  'precision', 'predicted', average, warn_for)
/usr/local/share/.virtualenvs/nlppy3/lib/python3.4/site-packages/sklearn/metrics/classification.py:1115: UndefinedMetricWarning: F-score is ill-defined and being set to 0.0 in labels with no true samples.
  'recall', 'true', average, warn_for)
[CV]  c1=0.08986334726831037, c2=0.010528561164766404, score=0.757785, total= 4.6min
[CV] c1=0.08986334726831037, c2=0.010528561164766404 .................
/usr/local/share/.virtualenvs/nlppy3/lib/python3.4/site-packages/sklearn/metrics/classification.py:1113: UndefinedMetricWarning: F-score is ill-defined and being set to 0.0 in labels with no predicted samples.
  'precision', 'predicted', average, warn_for)
/usr/local/share/.virtualenvs/nlppy3/lib/python3.4/site-packages/sklearn/metrics/classification.py:1115: UndefinedMetricWarning: F-score is ill-defined and being set to 0.0 in labels with no true samples.
  'recall', 'true', average, warn_for)
[CV]  c1=0.08986334726831037, c2=0.010528561164766404, score=0.607578, total= 4.1min
[CV] c1=2.0113631301994532, c2=0.029465203334782603 ..................
/usr/local/share/.virtualenvs/nlppy3/lib/python3.4/site-packages/sklearn/metrics/classification.py:1113: UndefinedMetricWarning: F-score is ill-defined and being set to 0.0 in labels with no predicted samples.
  'precision', 'predicted', average, warn_for)
/usr/local/share/.virtualenvs/nlppy3/lib/python3.4/site-packages/sklearn/metrics/classification.py:1115: UndefinedMetricWarning: F-score is ill-defined and being set to 0.0 in labels with no true samples.
  'recall', 'true', average, warn_for)
[CV]  c1=2.0113631301994532, c2=0.029465203334782603, score=0.634487, total= 4.2min
[CV] c1=2.0113631301994532, c2=0.029465203334782603 ..................
/usr/local/share/.virtualenvs/nlppy3/lib/python3.4/site-packages/sklearn/metrics/classification.py:1113: UndefinedMetricWarning: F-score is ill-defined and being set to 0.0 in labels with no predicted samples.
  'precision', 'predicted', average, warn_for)
/usr/local/share/.virtualenvs/nlppy3/lib/python3.4/site-packages/sklearn/metrics/classification.py:1115: UndefinedMetricWarning: F-score is ill-defined and being set to 0.0 in labels with no true samples.
  'recall', 'true', average, warn_for)
[CV]  c1=2.0113631301994532, c2=0.029465203334782603, score=0.754823, total= 4.7min
[CV] c1=2.0113631301994532, c2=0.029465203334782603 ..................
/usr/local/share/.virtualenvs/nlppy3/lib/python3.4/site-packages/sklearn/metrics/classification.py:1113: UndefinedMetricWarning: F-score is ill-defined and being set to 0.0 in labels with no predicted samples.
  'precision', 'predicted', average, warn_for)
/usr/local/share/.virtualenvs/nlppy3/lib/python3.4/site-packages/sklearn/metrics/classification.py:1115: UndefinedMetricWarning: F-score is ill-defined and being set to 0.0 in labels with no true samples.
  'recall', 'true', average, warn_for)
[CV]  c1=2.0113631301994532, c2=0.029465203334782603, score=0.573768, total= 4.0min
[CV] c1=0.1409524159769798, c2=0.041249868741097415 ..................
/usr/local/share/.virtualenvs/nlppy3/lib/python3.4/site-packages/sklearn/metrics/classification.py:1113: UndefinedMetricWarning: F-score is ill-defined and being set to 0.0 in labels with no predicted samples.
  'precision', 'predicted', average, warn_for)
/usr/local/share/.virtualenvs/nlppy3/lib/python3.4/site-packages/sklearn/metrics/classification.py:1115: UndefinedMetricWarning: F-score is ill-defined and being set to 0.0 in labels with no true samples.
  'recall', 'true', average, warn_for)
[CV]  c1=0.1409524159769798, c2=0.041249868741097415, score=0.637717, total= 4.2min
[CV] c1=0.1409524159769798, c2=0.041249868741097415 ..................
/usr/local/share/.virtualenvs/nlppy3/lib/python3.4/site-packages/sklearn/metrics/classification.py:1113: UndefinedMetricWarning: F-score is ill-defined and being set to 0.0 in labels with no predicted samples.
  'precision', 'predicted', average, warn_for)
/usr/local/share/.virtualenvs/nlppy3/lib/python3.4/site-packages/sklearn/metrics/classification.py:1115: UndefinedMetricWarning: F-score is ill-defined and being set to 0.0 in labels with no true samples.
  'recall', 'true', average, warn_for)
[CV]  c1=0.1409524159769798, c2=0.041249868741097415, score=0.759715, total= 4.6min
[CV] c1=0.1409524159769798, c2=0.041249868741097415 ..................
/usr/local/share/.virtualenvs/nlppy3/lib/python3.4/site-packages/sklearn/metrics/classification.py:1113: UndefinedMetricWarning: F-score is ill-defined and being set to 0.0 in labels with no predicted samples.
  'precision', 'predicted', average, warn_for)
/usr/local/share/.virtualenvs/nlppy3/lib/python3.4/site-packages/sklearn/metrics/classification.py:1115: UndefinedMetricWarning: F-score is ill-defined and being set to 0.0 in labels with no true samples.
  'recall', 'true', average, warn_for)
[CV]  c1=0.1409524159769798, c2=0.041249868741097415, score=0.603432, total= 4.1min
[CV] c1=0.3056830194101168, c2=0.00434842784291006 ...................
/usr/local/share/.virtualenvs/nlppy3/lib/python3.4/site-packages/sklearn/metrics/classification.py:1113: UndefinedMetricWarning: F-score is ill-defined and being set to 0.0 in labels with no predicted samples.
  'precision', 'predicted', average, warn_for)
/usr/local/share/.virtualenvs/nlppy3/lib/python3.4/site-packages/sklearn/metrics/classification.py:1115: UndefinedMetricWarning: F-score is ill-defined and being set to 0.0 in labels with no true samples.
  'recall', 'true', average, warn_for)
[CV]  c1=0.3056830194101168, c2=0.00434842784291006, score=0.639800, total= 4.1min
[CV] c1=0.3056830194101168, c2=0.00434842784291006 ...................
/usr/local/share/.virtualenvs/nlppy3/lib/python3.4/site-packages/sklearn/metrics/classification.py:1113: UndefinedMetricWarning: F-score is ill-defined and being set to 0.0 in labels with no predicted samples.
  'precision', 'predicted', average, warn_for)
/usr/local/share/.virtualenvs/nlppy3/lib/python3.4/site-packages/sklearn/metrics/classification.py:1115: UndefinedMetricWarning: F-score is ill-defined and being set to 0.0 in labels with no true samples.
  'recall', 'true', average, warn_for)
[CV]  c1=0.3056830194101168, c2=0.00434842784291006, score=0.756301, total= 4.8min
[CV] c1=0.3056830194101168, c2=0.00434842784291006 ...................
/usr/local/share/.virtualenvs/nlppy3/lib/python3.4/site-packages/sklearn/metrics/classification.py:1113: UndefinedMetricWarning: F-score is ill-defined and being set to 0.0 in labels with no predicted samples.
  'precision', 'predicted', average, warn_for)
/usr/local/share/.virtualenvs/nlppy3/lib/python3.4/site-packages/sklearn/metrics/classification.py:1115: UndefinedMetricWarning: F-score is ill-defined and being set to 0.0 in labels with no true samples.
  'recall', 'true', average, warn_for)
[CV]  c1=0.3056830194101168, c2=0.00434842784291006, score=0.588407, total= 4.4min
[CV] c1=0.032300373094408905, c2=0.11403181060348883 .................
/usr/local/share/.virtualenvs/nlppy3/lib/python3.4/site-packages/sklearn/metrics/classification.py:1113: UndefinedMetricWarning: F-score is ill-defined and being set to 0.0 in labels with no predicted samples.
  'precision', 'predicted', average, warn_for)
/usr/local/share/.virtualenvs/nlppy3/lib/python3.4/site-packages/sklearn/metrics/classification.py:1115: UndefinedMetricWarning: F-score is ill-defined and being set to 0.0 in labels with no true samples.
  'recall', 'true', average, warn_for)
[CV]  c1=0.032300373094408905, c2=0.11403181060348883, score=0.625597, total= 4.3min
[CV] c1=0.032300373094408905, c2=0.11403181060348883 .................
/usr/local/share/.virtualenvs/nlppy3/lib/python3.4/site-packages/sklearn/metrics/classification.py:1113: UndefinedMetricWarning: F-score is ill-defined and being set to 0.0 in labels with no predicted samples.
  'precision', 'predicted', average, warn_for)
/usr/local/share/.virtualenvs/nlppy3/lib/python3.4/site-packages/sklearn/metrics/classification.py:1115: UndefinedMetricWarning: F-score is ill-defined and being set to 0.0 in labels with no true samples.
  'recall', 'true', average, warn_for)
[CV]  c1=0.032300373094408905, c2=0.11403181060348883, score=0.752271, total= 4.6min
[CV] c1=0.032300373094408905, c2=0.11403181060348883 .................
/usr/local/share/.virtualenvs/nlppy3/lib/python3.4/site-packages/sklearn/metrics/classification.py:1113: UndefinedMetricWarning: F-score is ill-defined and being set to 0.0 in labels with no predicted samples.
  'precision', 'predicted', average, warn_for)
/usr/local/share/.virtualenvs/nlppy3/lib/python3.4/site-packages/sklearn/metrics/classification.py:1115: UndefinedMetricWarning: F-score is ill-defined and being set to 0.0 in labels with no true samples.
  'recall', 'true', average, warn_for)
[CV]  c1=0.032300373094408905, c2=0.11403181060348883, score=0.598116, total= 4.0min
[CV] c1=0.8783881068283951, c2=1.247248313052041e-05 .................
/usr/local/share/.virtualenvs/nlppy3/lib/python3.4/site-packages/sklearn/metrics/classification.py:1113: UndefinedMetricWarning: F-score is ill-defined and being set to 0.0 in labels with no predicted samples.
  'precision', 'predicted', average, warn_for)
/usr/local/share/.virtualenvs/nlppy3/lib/python3.4/site-packages/sklearn/metrics/classification.py:1115: UndefinedMetricWarning: F-score is ill-defined and being set to 0.0 in labels with no true samples.
  'recall', 'true', average, warn_for)
[CV]  c1=0.8783881068283951, c2=1.247248313052041e-05, score=0.643086, total= 4.2min
[CV] c1=0.8783881068283951, c2=1.247248313052041e-05 .................
/usr/local/share/.virtualenvs/nlppy3/lib/python3.4/site-packages/sklearn/metrics/classification.py:1113: UndefinedMetricWarning: F-score is ill-defined and being set to 0.0 in labels with no predicted samples.
  'precision', 'predicted', average, warn_for)
/usr/local/share/.virtualenvs/nlppy3/lib/python3.4/site-packages/sklearn/metrics/classification.py:1115: UndefinedMetricWarning: F-score is ill-defined and being set to 0.0 in labels with no true samples.
  'recall', 'true', average, warn_for)
[CV]  c1=0.8783881068283951, c2=1.247248313052041e-05, score=0.759011, total= 4.5min
[CV] c1=0.8783881068283951, c2=1.247248313052041e-05 .................
/usr/local/share/.virtualenvs/nlppy3/lib/python3.4/site-packages/sklearn/metrics/classification.py:1113: UndefinedMetricWarning: F-score is ill-defined and being set to 0.0 in labels with no predicted samples.
  'precision', 'predicted', average, warn_for)
/usr/local/share/.virtualenvs/nlppy3/lib/python3.4/site-packages/sklearn/metrics/classification.py:1115: UndefinedMetricWarning: F-score is ill-defined and being set to 0.0 in labels with no true samples.
  'recall', 'true', average, warn_for)
[CV]  c1=0.8783881068283951, c2=1.247248313052041e-05, score=0.589309, total= 4.0min
[CV] c1=0.14004904254559167, c2=0.036083491780383746 .................
/usr/local/share/.virtualenvs/nlppy3/lib/python3.4/site-packages/sklearn/metrics/classification.py:1113: UndefinedMetricWarning: F-score is ill-defined and being set to 0.0 in labels with no predicted samples.
  'precision', 'predicted', average, warn_for)
/usr/local/share/.virtualenvs/nlppy3/lib/python3.4/site-packages/sklearn/metrics/classification.py:1115: UndefinedMetricWarning: F-score is ill-defined and being set to 0.0 in labels with no true samples.
  'recall', 'true', average, warn_for)
[CV]  c1=0.14004904254559167, c2=0.036083491780383746, score=0.635043, total= 4.2min
[CV] c1=0.14004904254559167, c2=0.036083491780383746 .................
/usr/local/share/.virtualenvs/nlppy3/lib/python3.4/site-packages/sklearn/metrics/classification.py:1113: UndefinedMetricWarning: F-score is ill-defined and being set to 0.0 in labels with no predicted samples.
  'precision', 'predicted', average, warn_for)
/usr/local/share/.virtualenvs/nlppy3/lib/python3.4/site-packages/sklearn/metrics/classification.py:1115: UndefinedMetricWarning: F-score is ill-defined and being set to 0.0 in labels with no true samples.
  'recall', 'true', average, warn_for)
[CV]  c1=0.14004904254559167, c2=0.036083491780383746, score=0.760270, total= 4.6min
[CV] c1=0.14004904254559167, c2=0.036083491780383746 .................
/usr/local/share/.virtualenvs/nlppy3/lib/python3.4/site-packages/sklearn/metrics/classification.py:1113: UndefinedMetricWarning: F-score is ill-defined and being set to 0.0 in labels with no predicted samples.
  'precision', 'predicted', average, warn_for)
/usr/local/share/.virtualenvs/nlppy3/lib/python3.4/site-packages/sklearn/metrics/classification.py:1115: UndefinedMetricWarning: F-score is ill-defined and being set to 0.0 in labels with no true samples.
  'recall', 'true', average, warn_for)
[CV]  c1=0.14004904254559167, c2=0.036083491780383746, score=0.604513, total= 4.1min
[CV] c1=0.09077924927706232, c2=0.04051861585109356 ..................
/usr/local/share/.virtualenvs/nlppy3/lib/python3.4/site-packages/sklearn/metrics/classification.py:1113: UndefinedMetricWarning: F-score is ill-defined and being set to 0.0 in labels with no predicted samples.
  'precision', 'predicted', average, warn_for)
/usr/local/share/.virtualenvs/nlppy3/lib/python3.4/site-packages/sklearn/metrics/classification.py:1115: UndefinedMetricWarning: F-score is ill-defined and being set to 0.0 in labels with no true samples.
  'recall', 'true', average, warn_for)
[CV]  c1=0.09077924927706232, c2=0.04051861585109356, score=0.633707, total= 4.2min
[CV] c1=0.09077924927706232, c2=0.04051861585109356 ..................
/usr/local/share/.virtualenvs/nlppy3/lib/python3.4/site-packages/sklearn/metrics/classification.py:1113: UndefinedMetricWarning: F-score is ill-defined and being set to 0.0 in labels with no predicted samples.
  'precision', 'predicted', average, warn_for)
/usr/local/share/.virtualenvs/nlppy3/lib/python3.4/site-packages/sklearn/metrics/classification.py:1115: UndefinedMetricWarning: F-score is ill-defined and being set to 0.0 in labels with no true samples.
  'recall', 'true', average, warn_for)
[CV]  c1=0.09077924927706232, c2=0.04051861585109356, score=0.756005, total= 4.6min
[CV] c1=0.09077924927706232, c2=0.04051861585109356 ..................
/usr/local/share/.virtualenvs/nlppy3/lib/python3.4/site-packages/sklearn/metrics/classification.py:1113: UndefinedMetricWarning: F-score is ill-defined and being set to 0.0 in labels with no predicted samples.
  'precision', 'predicted', average, warn_for)
/usr/local/share/.virtualenvs/nlppy3/lib/python3.4/site-packages/sklearn/metrics/classification.py:1115: UndefinedMetricWarning: F-score is ill-defined and being set to 0.0 in labels with no true samples.
  'recall', 'true', average, warn_for)
[CV]  c1=0.09077924927706232, c2=0.04051861585109356, score=0.605868, total= 4.1min
[CV] c1=0.17108980292584475, c2=0.032724411818789094 .................
/usr/local/share/.virtualenvs/nlppy3/lib/python3.4/site-packages/sklearn/metrics/classification.py:1113: UndefinedMetricWarning: F-score is ill-defined and being set to 0.0 in labels with no predicted samples.
  'precision', 'predicted', average, warn_for)
/usr/local/share/.virtualenvs/nlppy3/lib/python3.4/site-packages/sklearn/metrics/classification.py:1115: UndefinedMetricWarning: F-score is ill-defined and being set to 0.0 in labels with no true samples.
  'recall', 'true', average, warn_for)
[CV]  c1=0.17108980292584475, c2=0.032724411818789094, score=0.641501, total= 4.8min
[CV] c1=0.17108980292584475, c2=0.032724411818789094 .................
/usr/local/share/.virtualenvs/nlppy3/lib/python3.4/site-packages/sklearn/metrics/classification.py:1113: UndefinedMetricWarning: F-score is ill-defined and being set to 0.0 in labels with no predicted samples.
  'precision', 'predicted', average, warn_for)
/usr/local/share/.virtualenvs/nlppy3/lib/python3.4/site-packages/sklearn/metrics/classification.py:1115: UndefinedMetricWarning: F-score is ill-defined and being set to 0.0 in labels with no true samples.
  'recall', 'true', average, warn_for)
[CV]  c1=0.17108980292584475, c2=0.032724411818789094, score=0.759769, total= 5.1min
[CV] c1=0.17108980292584475, c2=0.032724411818789094 .................
/usr/local/share/.virtualenvs/nlppy3/lib/python3.4/site-packages/sklearn/metrics/classification.py:1113: UndefinedMetricWarning: F-score is ill-defined and being set to 0.0 in labels with no predicted samples.
  'precision', 'predicted', average, warn_for)
/usr/local/share/.virtualenvs/nlppy3/lib/python3.4/site-packages/sklearn/metrics/classification.py:1115: UndefinedMetricWarning: F-score is ill-defined and being set to 0.0 in labels with no true samples.
  'recall', 'true', average, warn_for)
[CV]  c1=0.17108980292584475, c2=0.032724411818789094, score=0.604522, total= 4.5min
[CV] c1=0.17435077966635973, c2=0.11401819343552783 ..................
/usr/local/share/.virtualenvs/nlppy3/lib/python3.4/site-packages/sklearn/metrics/classification.py:1113: UndefinedMetricWarning: F-score is ill-defined and being set to 0.0 in labels with no predicted samples.
  'precision', 'predicted', average, warn_for)
/usr/local/share/.virtualenvs/nlppy3/lib/python3.4/site-packages/sklearn/metrics/classification.py:1115: UndefinedMetricWarning: F-score is ill-defined and being set to 0.0 in labels with no true samples.
  'recall', 'true', average, warn_for)
[CV]  c1=0.17435077966635973, c2=0.11401819343552783, score=0.633613, total= 4.2min
[CV] c1=0.17435077966635973, c2=0.11401819343552783 ..................
/usr/local/share/.virtualenvs/nlppy3/lib/python3.4/site-packages/sklearn/metrics/classification.py:1113: UndefinedMetricWarning: F-score is ill-defined and being set to 0.0 in labels with no predicted samples.
  'precision', 'predicted', average, warn_for)
/usr/local/share/.virtualenvs/nlppy3/lib/python3.4/site-packages/sklearn/metrics/classification.py:1115: UndefinedMetricWarning: F-score is ill-defined and being set to 0.0 in labels with no true samples.
  'recall', 'true', average, warn_for)
[CV]  c1=0.17435077966635973, c2=0.11401819343552783, score=0.761309, total= 4.5min
[CV] c1=0.17435077966635973, c2=0.11401819343552783 ..................
/usr/local/share/.virtualenvs/nlppy3/lib/python3.4/site-packages/sklearn/metrics/classification.py:1113: UndefinedMetricWarning: F-score is ill-defined and being set to 0.0 in labels with no predicted samples.
  'precision', 'predicted', average, warn_for)
/usr/local/share/.virtualenvs/nlppy3/lib/python3.4/site-packages/sklearn/metrics/classification.py:1115: UndefinedMetricWarning: F-score is ill-defined and being set to 0.0 in labels with no true samples.
  'recall', 'true', average, warn_for)
[CV]  c1=0.17435077966635973, c2=0.11401819343552783, score=0.603616, total= 4.1min
[CV] c1=0.4294740718098654, c2=0.022072752239050388 ..................
/usr/local/share/.virtualenvs/nlppy3/lib/python3.4/site-packages/sklearn/metrics/classification.py:1113: UndefinedMetricWarning: F-score is ill-defined and being set to 0.0 in labels with no predicted samples.
  'precision', 'predicted', average, warn_for)
/usr/local/share/.virtualenvs/nlppy3/lib/python3.4/site-packages/sklearn/metrics/classification.py:1115: UndefinedMetricWarning: F-score is ill-defined and being set to 0.0 in labels with no true samples.
  'recall', 'true', average, warn_for)
[CV]  c1=0.4294740718098654, c2=0.022072752239050388, score=0.640798, total= 4.2min
[CV] c1=0.4294740718098654, c2=0.022072752239050388 ..................
/usr/local/share/.virtualenvs/nlppy3/lib/python3.4/site-packages/sklearn/metrics/classification.py:1113: UndefinedMetricWarning: F-score is ill-defined and being set to 0.0 in labels with no predicted samples.
  'precision', 'predicted', average, warn_for)
/usr/local/share/.virtualenvs/nlppy3/lib/python3.4/site-packages/sklearn/metrics/classification.py:1115: UndefinedMetricWarning: F-score is ill-defined and being set to 0.0 in labels with no true samples.
  'recall', 'true', average, warn_for)
[CV]  c1=0.4294740718098654, c2=0.022072752239050388, score=0.759005, total= 4.6min
[CV] c1=0.4294740718098654, c2=0.022072752239050388 ..................
/usr/local/share/.virtualenvs/nlppy3/lib/python3.4/site-packages/sklearn/metrics/classification.py:1113: UndefinedMetricWarning: F-score is ill-defined and being set to 0.0 in labels with no predicted samples.
  'precision', 'predicted', average, warn_for)
/usr/local/share/.virtualenvs/nlppy3/lib/python3.4/site-packages/sklearn/metrics/classification.py:1115: UndefinedMetricWarning: F-score is ill-defined and being set to 0.0 in labels with no true samples.
  'recall', 'true', average, warn_for)
[CV]  c1=0.4294740718098654, c2=0.022072752239050388, score=0.604167, total= 4.1min
[CV] c1=0.49960821612218875, c2=0.07973118496108683 ..................
/usr/local/share/.virtualenvs/nlppy3/lib/python3.4/site-packages/sklearn/metrics/classification.py:1113: UndefinedMetricWarning: F-score is ill-defined and being set to 0.0 in labels with no predicted samples.
  'precision', 'predicted', average, warn_for)
/usr/local/share/.virtualenvs/nlppy3/lib/python3.4/site-packages/sklearn/metrics/classification.py:1115: UndefinedMetricWarning: F-score is ill-defined and being set to 0.0 in labels with no true samples.
  'recall', 'true', average, warn_for)
[CV]  c1=0.49960821612218875, c2=0.07973118496108683, score=0.640223, total= 4.1min
[CV] c1=0.49960821612218875, c2=0.07973118496108683 ..................
/usr/local/share/.virtualenvs/nlppy3/lib/python3.4/site-packages/sklearn/metrics/classification.py:1113: UndefinedMetricWarning: F-score is ill-defined and being set to 0.0 in labels with no predicted samples.
  'precision', 'predicted', average, warn_for)
/usr/local/share/.virtualenvs/nlppy3/lib/python3.4/site-packages/sklearn/metrics/classification.py:1115: UndefinedMetricWarning: F-score is ill-defined and being set to 0.0 in labels with no true samples.
  'recall', 'true', average, warn_for)
[CV]  c1=0.49960821612218875, c2=0.07973118496108683, score=0.760433, total= 5.4min
[CV] c1=0.49960821612218875, c2=0.07973118496108683 ..................
/usr/local/share/.virtualenvs/nlppy3/lib/python3.4/site-packages/sklearn/metrics/classification.py:1113: UndefinedMetricWarning: F-score is ill-defined and being set to 0.0 in labels with no predicted samples.
  'precision', 'predicted', average, warn_for)
/usr/local/share/.virtualenvs/nlppy3/lib/python3.4/site-packages/sklearn/metrics/classification.py:1115: UndefinedMetricWarning: F-score is ill-defined and being set to 0.0 in labels with no true samples.
  'recall', 'true', average, warn_for)
[CV]  c1=0.49960821612218875, c2=0.07973118496108683, score=0.600108, total= 4.8min
[CV] c1=0.11771955207952477, c2=0.009354643818555169 .................
/usr/local/share/.virtualenvs/nlppy3/lib/python3.4/site-packages/sklearn/metrics/classification.py:1113: UndefinedMetricWarning: F-score is ill-defined and being set to 0.0 in labels with no predicted samples.
  'precision', 'predicted', average, warn_for)
/usr/local/share/.virtualenvs/nlppy3/lib/python3.4/site-packages/sklearn/metrics/classification.py:1115: UndefinedMetricWarning: F-score is ill-defined and being set to 0.0 in labels with no true samples.
  'recall', 'true', average, warn_for)
[CV]  c1=0.11771955207952477, c2=0.009354643818555169, score=0.640067, total= 5.0min
[CV] c1=0.11771955207952477, c2=0.009354643818555169 .................
/usr/local/share/.virtualenvs/nlppy3/lib/python3.4/site-packages/sklearn/metrics/classification.py:1113: UndefinedMetricWarning: F-score is ill-defined and being set to 0.0 in labels with no predicted samples.
  'precision', 'predicted', average, warn_for)
/usr/local/share/.virtualenvs/nlppy3/lib/python3.4/site-packages/sklearn/metrics/classification.py:1115: UndefinedMetricWarning: F-score is ill-defined and being set to 0.0 in labels with no true samples.
  'recall', 'true', average, warn_for)
[CV]  c1=0.11771955207952477, c2=0.009354643818555169, score=0.757184, total= 4.6min
[CV] c1=0.11771955207952477, c2=0.009354643818555169 .................
/usr/local/share/.virtualenvs/nlppy3/lib/python3.4/site-packages/sklearn/metrics/classification.py:1113: UndefinedMetricWarning: F-score is ill-defined and being set to 0.0 in labels with no predicted samples.
  'precision', 'predicted', average, warn_for)
/usr/local/share/.virtualenvs/nlppy3/lib/python3.4/site-packages/sklearn/metrics/classification.py:1115: UndefinedMetricWarning: F-score is ill-defined and being set to 0.0 in labels with no true samples.
  'recall', 'true', average, warn_for)
[CV]  c1=0.11771955207952477, c2=0.009354643818555169, score=0.603147, total= 4.0min
[CV] c1=0.3102618121450979, c2=0.07940697146798602 ...................
/usr/local/share/.virtualenvs/nlppy3/lib/python3.4/site-packages/sklearn/metrics/classification.py:1113: UndefinedMetricWarning: F-score is ill-defined and being set to 0.0 in labels with no predicted samples.
  'precision', 'predicted', average, warn_for)
/usr/local/share/.virtualenvs/nlppy3/lib/python3.4/site-packages/sklearn/metrics/classification.py:1115: UndefinedMetricWarning: F-score is ill-defined and being set to 0.0 in labels with no true samples.
  'recall', 'true', average, warn_for)
[CV]  c1=0.3102618121450979, c2=0.07940697146798602, score=0.639200, total= 4.1min
[CV] c1=0.3102618121450979, c2=0.07940697146798602 ...................
/usr/local/share/.virtualenvs/nlppy3/lib/python3.4/site-packages/sklearn/metrics/classification.py:1113: UndefinedMetricWarning: F-score is ill-defined and being set to 0.0 in labels with no predicted samples.
  'precision', 'predicted', average, warn_for)
/usr/local/share/.virtualenvs/nlppy3/lib/python3.4/site-packages/sklearn/metrics/classification.py:1115: UndefinedMetricWarning: F-score is ill-defined and being set to 0.0 in labels with no true samples.
  'recall', 'true', average, warn_for)
[CV]  c1=0.3102618121450979, c2=0.07940697146798602, score=0.760096, total= 4.7min
[CV] c1=0.3102618121450979, c2=0.07940697146798602 ...................
/usr/local/share/.virtualenvs/nlppy3/lib/python3.4/site-packages/sklearn/metrics/classification.py:1113: UndefinedMetricWarning: F-score is ill-defined and being set to 0.0 in labels with no predicted samples.
  'precision', 'predicted', average, warn_for)
/usr/local/share/.virtualenvs/nlppy3/lib/python3.4/site-packages/sklearn/metrics/classification.py:1115: UndefinedMetricWarning: F-score is ill-defined and being set to 0.0 in labels with no true samples.
  'recall', 'true', average, warn_for)
[CV]  c1=0.3102618121450979, c2=0.07940697146798602, score=0.606365, total= 4.4min
[CV] c1=0.08476276736798463, c2=0.007811515931836231 .................
/usr/local/share/.virtualenvs/nlppy3/lib/python3.4/site-packages/sklearn/metrics/classification.py:1113: UndefinedMetricWarning: F-score is ill-defined and being set to 0.0 in labels with no predicted samples.
  'precision', 'predicted', average, warn_for)
/usr/local/share/.virtualenvs/nlppy3/lib/python3.4/site-packages/sklearn/metrics/classification.py:1115: UndefinedMetricWarning: F-score is ill-defined and being set to 0.0 in labels with no true samples.
  'recall', 'true', average, warn_for)
[CV]  c1=0.08476276736798463, c2=0.007811515931836231, score=0.639090, total= 4.0min
[CV] c1=0.08476276736798463, c2=0.007811515931836231 .................
/usr/local/share/.virtualenvs/nlppy3/lib/python3.4/site-packages/sklearn/metrics/classification.py:1113: UndefinedMetricWarning: F-score is ill-defined and being set to 0.0 in labels with no predicted samples.
  'precision', 'predicted', average, warn_for)
/usr/local/share/.virtualenvs/nlppy3/lib/python3.4/site-packages/sklearn/metrics/classification.py:1115: UndefinedMetricWarning: F-score is ill-defined and being set to 0.0 in labels with no true samples.
  'recall', 'true', average, warn_for)
[CV]  c1=0.08476276736798463, c2=0.007811515931836231, score=0.760039, total= 5.1min
[CV] c1=0.08476276736798463, c2=0.007811515931836231 .................
/usr/local/share/.virtualenvs/nlppy3/lib/python3.4/site-packages/sklearn/metrics/classification.py:1113: UndefinedMetricWarning: F-score is ill-defined and being set to 0.0 in labels with no predicted samples.
  'precision', 'predicted', average, warn_for)
/usr/local/share/.virtualenvs/nlppy3/lib/python3.4/site-packages/sklearn/metrics/classification.py:1115: UndefinedMetricWarning: F-score is ill-defined and being set to 0.0 in labels with no true samples.
  'recall', 'true', average, warn_for)
[CV]  c1=0.08476276736798463, c2=0.007811515931836231, score=0.604678, total= 4.6min
[CV] c1=0.10261298412639094, c2=0.10057167166726017 ..................
/usr/local/share/.virtualenvs/nlppy3/lib/python3.4/site-packages/sklearn/metrics/classification.py:1113: UndefinedMetricWarning: F-score is ill-defined and being set to 0.0 in labels with no predicted samples.
  'precision', 'predicted', average, warn_for)
/usr/local/share/.virtualenvs/nlppy3/lib/python3.4/site-packages/sklearn/metrics/classification.py:1115: UndefinedMetricWarning: F-score is ill-defined and being set to 0.0 in labels with no true samples.
  'recall', 'true', average, warn_for)
[CV]  c1=0.10261298412639094, c2=0.10057167166726017, score=0.632036, total= 4.2min
[CV] c1=0.10261298412639094, c2=0.10057167166726017 ..................
/usr/local/share/.virtualenvs/nlppy3/lib/python3.4/site-packages/sklearn/metrics/classification.py:1113: UndefinedMetricWarning: F-score is ill-defined and being set to 0.0 in labels with no predicted samples.
  'precision', 'predicted', average, warn_for)
/usr/local/share/.virtualenvs/nlppy3/lib/python3.4/site-packages/sklearn/metrics/classification.py:1115: UndefinedMetricWarning: F-score is ill-defined and being set to 0.0 in labels with no true samples.
  'recall', 'true', average, warn_for)
[CV]  c1=0.10261298412639094, c2=0.10057167166726017, score=0.760000, total= 4.5min
[CV] c1=0.10261298412639094, c2=0.10057167166726017 ..................
/usr/local/share/.virtualenvs/nlppy3/lib/python3.4/site-packages/sklearn/metrics/classification.py:1113: UndefinedMetricWarning: F-score is ill-defined and being set to 0.0 in labels with no predicted samples.
  'precision', 'predicted', average, warn_for)
/usr/local/share/.virtualenvs/nlppy3/lib/python3.4/site-packages/sklearn/metrics/classification.py:1115: UndefinedMetricWarning: F-score is ill-defined and being set to 0.0 in labels with no true samples.
  'recall', 'true', average, warn_for)
[CV]  c1=0.10261298412639094, c2=0.10057167166726017, score=0.604908, total= 4.0min
[CV] c1=1.175007355538228, c2=0.01006774157264458 ....................
/usr/local/share/.virtualenvs/nlppy3/lib/python3.4/site-packages/sklearn/metrics/classification.py:1113: UndefinedMetricWarning: F-score is ill-defined and being set to 0.0 in labels with no predicted samples.
  'precision', 'predicted', average, warn_for)
/usr/local/share/.virtualenvs/nlppy3/lib/python3.4/site-packages/sklearn/metrics/classification.py:1115: UndefinedMetricWarning: F-score is ill-defined and being set to 0.0 in labels with no true samples.
  'recall', 'true', average, warn_for)
[CV]  c1=1.175007355538228, c2=0.01006774157264458, score=0.641101, total= 4.1min
[CV] c1=1.175007355538228, c2=0.01006774157264458 ....................
/usr/local/share/.virtualenvs/nlppy3/lib/python3.4/site-packages/sklearn/metrics/classification.py:1113: UndefinedMetricWarning: F-score is ill-defined and being set to 0.0 in labels with no predicted samples.
  'precision', 'predicted', average, warn_for)
/usr/local/share/.virtualenvs/nlppy3/lib/python3.4/site-packages/sklearn/metrics/classification.py:1115: UndefinedMetricWarning: F-score is ill-defined and being set to 0.0 in labels with no true samples.
  'recall', 'true', average, warn_for)
[CV]  c1=1.175007355538228, c2=0.01006774157264458, score=0.760557, total= 4.5min
[CV] c1=1.175007355538228, c2=0.01006774157264458 ....................
/usr/local/share/.virtualenvs/nlppy3/lib/python3.4/site-packages/sklearn/metrics/classification.py:1113: UndefinedMetricWarning: F-score is ill-defined and being set to 0.0 in labels with no predicted samples.
  'precision', 'predicted', average, warn_for)
/usr/local/share/.virtualenvs/nlppy3/lib/python3.4/site-packages/sklearn/metrics/classification.py:1115: UndefinedMetricWarning: F-score is ill-defined and being set to 0.0 in labels with no true samples.
  'recall', 'true', average, warn_for)
[CV]  c1=1.175007355538228, c2=0.01006774157264458, score=0.579748, total= 4.1min
[CV] c1=0.519288852523326, c2=0.0048185620922135165 ..................
/usr/local/share/.virtualenvs/nlppy3/lib/python3.4/site-packages/sklearn/metrics/classification.py:1113: UndefinedMetricWarning: F-score is ill-defined and being set to 0.0 in labels with no predicted samples.
  'precision', 'predicted', average, warn_for)
/usr/local/share/.virtualenvs/nlppy3/lib/python3.4/site-packages/sklearn/metrics/classification.py:1115: UndefinedMetricWarning: F-score is ill-defined and being set to 0.0 in labels with no true samples.
  'recall', 'true', average, warn_for)
[CV]  c1=0.519288852523326, c2=0.0048185620922135165, score=0.640514, total= 4.9min
[CV] c1=0.519288852523326, c2=0.0048185620922135165 ..................
/usr/local/share/.virtualenvs/nlppy3/lib/python3.4/site-packages/sklearn/metrics/classification.py:1113: UndefinedMetricWarning: F-score is ill-defined and being set to 0.0 in labels with no predicted samples.
  'precision', 'predicted', average, warn_for)
/usr/local/share/.virtualenvs/nlppy3/lib/python3.4/site-packages/sklearn/metrics/classification.py:1115: UndefinedMetricWarning: F-score is ill-defined and being set to 0.0 in labels with no true samples.
  'recall', 'true', average, warn_for)
[CV]  c1=0.519288852523326, c2=0.0048185620922135165, score=0.763891, total= 4.7min
[CV] c1=0.519288852523326, c2=0.0048185620922135165 ..................
/usr/local/share/.virtualenvs/nlppy3/lib/python3.4/site-packages/sklearn/metrics/classification.py:1113: UndefinedMetricWarning: F-score is ill-defined and being set to 0.0 in labels with no predicted samples.
  'precision', 'predicted', average, warn_for)
/usr/local/share/.virtualenvs/nlppy3/lib/python3.4/site-packages/sklearn/metrics/classification.py:1115: UndefinedMetricWarning: F-score is ill-defined and being set to 0.0 in labels with no true samples.
  'recall', 'true', average, warn_for)
[CV]  c1=0.519288852523326, c2=0.0048185620922135165, score=0.583658, total= 4.4min
[CV] c1=0.06602065059432578, c2=0.163722933272633 ....................
/usr/local/share/.virtualenvs/nlppy3/lib/python3.4/site-packages/sklearn/metrics/classification.py:1113: UndefinedMetricWarning: F-score is ill-defined and being set to 0.0 in labels with no predicted samples.
  'precision', 'predicted', average, warn_for)
/usr/local/share/.virtualenvs/nlppy3/lib/python3.4/site-packages/sklearn/metrics/classification.py:1115: UndefinedMetricWarning: F-score is ill-defined and being set to 0.0 in labels with no true samples.
  'recall', 'true', average, warn_for)
[CV]  c1=0.06602065059432578, c2=0.163722933272633, score=0.629618, total= 4.3min
[CV] c1=0.06602065059432578, c2=0.163722933272633 ....................
/usr/local/share/.virtualenvs/nlppy3/lib/python3.4/site-packages/sklearn/metrics/classification.py:1113: UndefinedMetricWarning: F-score is ill-defined and being set to 0.0 in labels with no predicted samples.
  'precision', 'predicted', average, warn_for)
/usr/local/share/.virtualenvs/nlppy3/lib/python3.4/site-packages/sklearn/metrics/classification.py:1115: UndefinedMetricWarning: F-score is ill-defined and being set to 0.0 in labels with no true samples.
  'recall', 'true', average, warn_for)
[CV]  c1=0.06602065059432578, c2=0.163722933272633, score=0.754459, total= 4.9min
[CV] c1=0.06602065059432578, c2=0.163722933272633 ....................
/usr/local/share/.virtualenvs/nlppy3/lib/python3.4/site-packages/sklearn/metrics/classification.py:1113: UndefinedMetricWarning: F-score is ill-defined and being set to 0.0 in labels with no predicted samples.
  'precision', 'predicted', average, warn_for)
/usr/local/share/.virtualenvs/nlppy3/lib/python3.4/site-packages/sklearn/metrics/classification.py:1115: UndefinedMetricWarning: F-score is ill-defined and being set to 0.0 in labels with no true samples.
  'recall', 'true', average, warn_for)
[CV]  c1=0.06602065059432578, c2=0.163722933272633, score=0.603528, total= 4.3min
[CV] c1=0.5018025446333476, c2=0.03467465046176945 ...................
/usr/local/share/.virtualenvs/nlppy3/lib/python3.4/site-packages/sklearn/metrics/classification.py:1113: UndefinedMetricWarning: F-score is ill-defined and being set to 0.0 in labels with no predicted samples.
  'precision', 'predicted', average, warn_for)
/usr/local/share/.virtualenvs/nlppy3/lib/python3.4/site-packages/sklearn/metrics/classification.py:1115: UndefinedMetricWarning: F-score is ill-defined and being set to 0.0 in labels with no true samples.
  'recall', 'true', average, warn_for)
[CV]  c1=0.5018025446333476, c2=0.03467465046176945, score=0.640910, total= 4.2min
[CV] c1=0.5018025446333476, c2=0.03467465046176945 ...................
/usr/local/share/.virtualenvs/nlppy3/lib/python3.4/site-packages/sklearn/metrics/classification.py:1113: UndefinedMetricWarning: F-score is ill-defined and being set to 0.0 in labels with no predicted samples.
  'precision', 'predicted', average, warn_for)
/usr/local/share/.virtualenvs/nlppy3/lib/python3.4/site-packages/sklearn/metrics/classification.py:1115: UndefinedMetricWarning: F-score is ill-defined and being set to 0.0 in labels with no true samples.
  'recall', 'true', average, warn_for)
[CV]  c1=0.5018025446333476, c2=0.03467465046176945, score=0.759340, total= 4.7min
[CV] c1=0.5018025446333476, c2=0.03467465046176945 ...................
/usr/local/share/.virtualenvs/nlppy3/lib/python3.4/site-packages/sklearn/metrics/classification.py:1113: UndefinedMetricWarning: F-score is ill-defined and being set to 0.0 in labels with no predicted samples.
  'precision', 'predicted', average, warn_for)
/usr/local/share/.virtualenvs/nlppy3/lib/python3.4/site-packages/sklearn/metrics/classification.py:1115: UndefinedMetricWarning: F-score is ill-defined and being set to 0.0 in labels with no true samples.
  'recall', 'true', average, warn_for)
[CV]  c1=0.5018025446333476, c2=0.03467465046176945, score=0.578276, total= 4.2min
[CV] c1=0.996359286934149, c2=0.015798953123519924 ...................
/usr/local/share/.virtualenvs/nlppy3/lib/python3.4/site-packages/sklearn/metrics/classification.py:1113: UndefinedMetricWarning: F-score is ill-defined and being set to 0.0 in labels with no predicted samples.
  'precision', 'predicted', average, warn_for)
/usr/local/share/.virtualenvs/nlppy3/lib/python3.4/site-packages/sklearn/metrics/classification.py:1115: UndefinedMetricWarning: F-score is ill-defined and being set to 0.0 in labels with no true samples.
  'recall', 'true', average, warn_for)
[CV]  c1=0.996359286934149, c2=0.015798953123519924, score=0.639733, total= 4.3min
[CV] c1=0.996359286934149, c2=0.015798953123519924 ...................
/usr/local/share/.virtualenvs/nlppy3/lib/python3.4/site-packages/sklearn/metrics/classification.py:1113: UndefinedMetricWarning: F-score is ill-defined and being set to 0.0 in labels with no predicted samples.
  'precision', 'predicted', average, warn_for)
/usr/local/share/.virtualenvs/nlppy3/lib/python3.4/site-packages/sklearn/metrics/classification.py:1115: UndefinedMetricWarning: F-score is ill-defined and being set to 0.0 in labels with no true samples.
  'recall', 'true', average, warn_for)
[CV]  c1=0.996359286934149, c2=0.015798953123519924, score=0.761538, total= 4.7min
[CV] c1=0.996359286934149, c2=0.015798953123519924 ...................
/usr/local/share/.virtualenvs/nlppy3/lib/python3.4/site-packages/sklearn/metrics/classification.py:1113: UndefinedMetricWarning: F-score is ill-defined and being set to 0.0 in labels with no predicted samples.
  'precision', 'predicted', average, warn_for)
/usr/local/share/.virtualenvs/nlppy3/lib/python3.4/site-packages/sklearn/metrics/classification.py:1115: UndefinedMetricWarning: F-score is ill-defined and being set to 0.0 in labels with no true samples.
  'recall', 'true', average, warn_for)
[CV]  c1=0.996359286934149, c2=0.015798953123519924, score=0.581555, total= 4.2min
[CV] c1=0.33143191576506453, c2=0.005735571917151323 .................
/usr/local/share/.virtualenvs/nlppy3/lib/python3.4/site-packages/sklearn/metrics/classification.py:1113: UndefinedMetricWarning: F-score is ill-defined and being set to 0.0 in labels with no predicted samples.
  'precision', 'predicted', average, warn_for)
/usr/local/share/.virtualenvs/nlppy3/lib/python3.4/site-packages/sklearn/metrics/classification.py:1115: UndefinedMetricWarning: F-score is ill-defined and being set to 0.0 in labels with no true samples.
  'recall', 'true', average, warn_for)
[CV]  c1=0.33143191576506453, c2=0.005735571917151323, score=0.641979, total= 4.3min
[CV] c1=0.33143191576506453, c2=0.005735571917151323 .................
/usr/local/share/.virtualenvs/nlppy3/lib/python3.4/site-packages/sklearn/metrics/classification.py:1113: UndefinedMetricWarning: F-score is ill-defined and being set to 0.0 in labels with no predicted samples.
  'precision', 'predicted', average, warn_for)
/usr/local/share/.virtualenvs/nlppy3/lib/python3.4/site-packages/sklearn/metrics/classification.py:1115: UndefinedMetricWarning: F-score is ill-defined and being set to 0.0 in labels with no true samples.
  'recall', 'true', average, warn_for)
[CV]  c1=0.33143191576506453, c2=0.005735571917151323, score=0.760295, total= 4.6min
[CV] c1=0.33143191576506453, c2=0.005735571917151323 .................
/usr/local/share/.virtualenvs/nlppy3/lib/python3.4/site-packages/sklearn/metrics/classification.py:1113: UndefinedMetricWarning: F-score is ill-defined and being set to 0.0 in labels with no predicted samples.
  'precision', 'predicted', average, warn_for)
/usr/local/share/.virtualenvs/nlppy3/lib/python3.4/site-packages/sklearn/metrics/classification.py:1115: UndefinedMetricWarning: F-score is ill-defined and being set to 0.0 in labels with no true samples.
  'recall', 'true', average, warn_for)
[CV]  c1=0.33143191576506453, c2=0.005735571917151323, score=0.581992, total= 4.2min
[CV] c1=0.07860136536367952, c2=0.09767585913038992 ..................
/usr/local/share/.virtualenvs/nlppy3/lib/python3.4/site-packages/sklearn/metrics/classification.py:1113: UndefinedMetricWarning: F-score is ill-defined and being set to 0.0 in labels with no predicted samples.
  'precision', 'predicted', average, warn_for)
/usr/local/share/.virtualenvs/nlppy3/lib/python3.4/site-packages/sklearn/metrics/classification.py:1115: UndefinedMetricWarning: F-score is ill-defined and being set to 0.0 in labels with no true samples.
  'recall', 'true', average, warn_for)
[CV]  c1=0.07860136536367952, c2=0.09767585913038992, score=0.629946, total= 4.3min
[CV] c1=0.07860136536367952, c2=0.09767585913038992 ..................
/usr/local/share/.virtualenvs/nlppy3/lib/python3.4/site-packages/sklearn/metrics/classification.py:1113: UndefinedMetricWarning: F-score is ill-defined and being set to 0.0 in labels with no predicted samples.
  'precision', 'predicted', average, warn_for)
/usr/local/share/.virtualenvs/nlppy3/lib/python3.4/site-packages/sklearn/metrics/classification.py:1115: UndefinedMetricWarning: F-score is ill-defined and being set to 0.0 in labels with no true samples.
  'recall', 'true', average, warn_for)
[CV]  c1=0.07860136536367952, c2=0.09767585913038992, score=0.758399, total= 5.2min
[CV] c1=0.07860136536367952, c2=0.09767585913038992 ..................
/usr/local/share/.virtualenvs/nlppy3/lib/python3.4/site-packages/sklearn/metrics/classification.py:1113: UndefinedMetricWarning: F-score is ill-defined and being set to 0.0 in labels with no predicted samples.
  'precision', 'predicted', average, warn_for)
/usr/local/share/.virtualenvs/nlppy3/lib/python3.4/site-packages/sklearn/metrics/classification.py:1115: UndefinedMetricWarning: F-score is ill-defined and being set to 0.0 in labels with no true samples.
  'recall', 'true', average, warn_for)
[CV]  c1=0.07860136536367952, c2=0.09767585913038992, score=0.604514, total= 5.2min
[CV] c1=1.0369257512388883, c2=0.004912159237462572 ..................
/usr/local/share/.virtualenvs/nlppy3/lib/python3.4/site-packages/sklearn/metrics/classification.py:1113: UndefinedMetricWarning: F-score is ill-defined and being set to 0.0 in labels with no predicted samples.
  'precision', 'predicted', average, warn_for)
/usr/local/share/.virtualenvs/nlppy3/lib/python3.4/site-packages/sklearn/metrics/classification.py:1115: UndefinedMetricWarning: F-score is ill-defined and being set to 0.0 in labels with no true samples.
  'recall', 'true', average, warn_for)
[CV]  c1=1.0369257512388883, c2=0.004912159237462572, score=0.640509, total= 5.2min
[CV] c1=1.0369257512388883, c2=0.004912159237462572 ..................
/usr/local/share/.virtualenvs/nlppy3/lib/python3.4/site-packages/sklearn/metrics/classification.py:1113: UndefinedMetricWarning: F-score is ill-defined and being set to 0.0 in labels with no predicted samples.
  'precision', 'predicted', average, warn_for)
/usr/local/share/.virtualenvs/nlppy3/lib/python3.4/site-packages/sklearn/metrics/classification.py:1115: UndefinedMetricWarning: F-score is ill-defined and being set to 0.0 in labels with no true samples.
  'recall', 'true', average, warn_for)
[CV]  c1=1.0369257512388883, c2=0.004912159237462572, score=0.759295, total= 4.7min
[CV] c1=1.0369257512388883, c2=0.004912159237462572 ..................
/usr/local/share/.virtualenvs/nlppy3/lib/python3.4/site-packages/sklearn/metrics/classification.py:1113: UndefinedMetricWarning: F-score is ill-defined and being set to 0.0 in labels with no predicted samples.
  'precision', 'predicted', average, warn_for)
/usr/local/share/.virtualenvs/nlppy3/lib/python3.4/site-packages/sklearn/metrics/classification.py:1115: UndefinedMetricWarning: F-score is ill-defined and being set to 0.0 in labels with no true samples.
  'recall', 'true', average, warn_for)
[CV]  c1=1.0369257512388883, c2=0.004912159237462572, score=0.580014, total= 4.2min
[CV] c1=0.37500502188321777, c2=0.037320499690902544 .................
/usr/local/share/.virtualenvs/nlppy3/lib/python3.4/site-packages/sklearn/metrics/classification.py:1113: UndefinedMetricWarning: F-score is ill-defined and being set to 0.0 in labels with no predicted samples.
  'precision', 'predicted', average, warn_for)
/usr/local/share/.virtualenvs/nlppy3/lib/python3.4/site-packages/sklearn/metrics/classification.py:1115: UndefinedMetricWarning: F-score is ill-defined and being set to 0.0 in labels with no true samples.
  'recall', 'true', average, warn_for)
[CV]  c1=0.37500502188321777, c2=0.037320499690902544, score=0.640207, total= 4.2min
[CV] c1=0.37500502188321777, c2=0.037320499690902544 .................
/usr/local/share/.virtualenvs/nlppy3/lib/python3.4/site-packages/sklearn/metrics/classification.py:1113: UndefinedMetricWarning: F-score is ill-defined and being set to 0.0 in labels with no predicted samples.
  'precision', 'predicted', average, warn_for)
/usr/local/share/.virtualenvs/nlppy3/lib/python3.4/site-packages/sklearn/metrics/classification.py:1115: UndefinedMetricWarning: F-score is ill-defined and being set to 0.0 in labels with no true samples.
  'recall', 'true', average, warn_for)
[CV]  c1=0.37500502188321777, c2=0.037320499690902544, score=0.759609, total= 4.6min
[CV] c1=0.37500502188321777, c2=0.037320499690902544 .................
/usr/local/share/.virtualenvs/nlppy3/lib/python3.4/site-packages/sklearn/metrics/classification.py:1113: UndefinedMetricWarning: F-score is ill-defined and being set to 0.0 in labels with no predicted samples.
  'precision', 'predicted', average, warn_for)
/usr/local/share/.virtualenvs/nlppy3/lib/python3.4/site-packages/sklearn/metrics/classification.py:1115: UndefinedMetricWarning: F-score is ill-defined and being set to 0.0 in labels with no true samples.
  'recall', 'true', average, warn_for)
[CV]  c1=0.37500502188321777, c2=0.037320499690902544, score=0.601674, total= 4.1min
[CV] c1=0.47353690242942353, c2=0.03972150926689951 ..................
/usr/local/share/.virtualenvs/nlppy3/lib/python3.4/site-packages/sklearn/metrics/classification.py:1113: UndefinedMetricWarning: F-score is ill-defined and being set to 0.0 in labels with no predicted samples.
  'precision', 'predicted', average, warn_for)
/usr/local/share/.virtualenvs/nlppy3/lib/python3.4/site-packages/sklearn/metrics/classification.py:1115: UndefinedMetricWarning: F-score is ill-defined and being set to 0.0 in labels with no true samples.
  'recall', 'true', average, warn_for)
[CV]  c1=0.47353690242942353, c2=0.03972150926689951, score=0.640902, total= 4.4min
[CV] c1=0.47353690242942353, c2=0.03972150926689951 ..................
/usr/local/share/.virtualenvs/nlppy3/lib/python3.4/site-packages/sklearn/metrics/classification.py:1113: UndefinedMetricWarning: F-score is ill-defined and being set to 0.0 in labels with no predicted samples.
  'precision', 'predicted', average, warn_for)
/usr/local/share/.virtualenvs/nlppy3/lib/python3.4/site-packages/sklearn/metrics/classification.py:1115: UndefinedMetricWarning: F-score is ill-defined and being set to 0.0 in labels with no true samples.
  'recall', 'true', average, warn_for)
[CV]  c1=0.47353690242942353, c2=0.03972150926689951, score=0.760170, total= 4.6min
[CV] c1=0.47353690242942353, c2=0.03972150926689951 ..................
/usr/local/share/.virtualenvs/nlppy3/lib/python3.4/site-packages/sklearn/metrics/classification.py:1113: UndefinedMetricWarning: F-score is ill-defined and being set to 0.0 in labels with no predicted samples.
  'precision', 'predicted', average, warn_for)
/usr/local/share/.virtualenvs/nlppy3/lib/python3.4/site-packages/sklearn/metrics/classification.py:1115: UndefinedMetricWarning: F-score is ill-defined and being set to 0.0 in labels with no true samples.
  'recall', 'true', average, warn_for)
[CV]  c1=0.47353690242942353, c2=0.03972150926689951, score=0.602357, total= 4.2min
[Parallel(n_jobs=1)]: Done 150 out of 150 | elapsed: 686.4min finished
Finished! Now I will write everything to a pickle file...
best params: {'c1': 0.23110659280031873, 'c2': 0.023096867643725663}
